Using pre-set license
Built from '2020.3/staging' branch; Version is '2020.3.30f1 (1fb1bf06830e) revision 2077119'; Using compiler version '192528614'; Build Type 'Release'
OS: 'Windows 10  (10.0.19044) 64bit CoreSingleLanguage' Language: 'tr' Physical Memory: 7528 MB
BatchMode: 1, IsHumanControllingUs: 0, StartBugReporterOnCrash: 0, Is64bit: 1, IsPro: 0

COMMAND LINE ARGUMENTS:
C:\Program Files\Unity\Hub\Editor\2020.3.30f1\Editor\Unity.exe
-adb2
-batchMode
-noUpm
-name
AssetImportWorker0
-projectPath
C:/Users/burak/OneDrive/Masaüstü/Projects/Improving_Projects/Frogger
-logFile
Logs/AssetImportWorker0.log
-srvPort
50275
Successfully changed project path to: C:/Users/burak/OneDrive/Masaüstü/Projects/Improving_Projects/Frogger
C:/Users/burak/OneDrive/Masaüstü/Projects/Improving_Projects/Frogger
Using Asset Import Pipeline V2.
Refreshing native plugins compatible for Editor in 42.17 ms, found 3 plugins.
Preloading 0 native plugins for Editor in 0.00 ms.
Initialize engine version: 2020.3.30f1 (1fb1bf06830e)
[Subsystems] Discovering subsystems at path C:/Program Files/Unity/Hub/Editor/2020.3.30f1/Editor/Data/Resources/UnitySubsystems
[Subsystems] Discovering subsystems at path C:/Users/burak/OneDrive/Masaüstü/Projects/Improving_Projects/Frogger/Assets
GfxDevice: creating device client; threaded=0
Direct3D:
    Version:  Direct3D 11.0 [level 11.1]
    Renderer: NVIDIA GeForce RTX 3050 Laptop GPU (ID=0x25a2)
    Vendor:   
    VRAM:     3991 MB
    Driver:   30.0.15.1272
Initialize mono
Mono path[0] = 'C:/Program Files/Unity/Hub/Editor/2020.3.30f1/Editor/Data/Managed'
Mono path[1] = 'C:/Program Files/Unity/Hub/Editor/2020.3.30f1/Editor/Data/MonoBleedingEdge/lib/mono/unityjit'
Mono config path = 'C:/Program Files/Unity/Hub/Editor/2020.3.30f1/Editor/Data/MonoBleedingEdge/etc'
Using monoOptions --debugger-agent=transport=dt_socket,embedding=1,server=y,suspend=n,address=127.0.0.1:56924
Begin MonoManager ReloadAssembly
Registering precompiled unity dll's ...
Register platform support module: C:/Program Files/Unity/Hub/Editor/2020.3.30f1/Editor/Data/PlaybackEngines/WebGLSupport/UnityEditor.WebGL.Extensions.dll
Register platform support module: C:/Program Files/Unity/Hub/Editor/2020.3.30f1/Editor/Data/PlaybackEngines/WindowsStandaloneSupport/UnityEditor.WindowsStandalone.Extensions.dll
Registered in 0.002154 seconds.
Native extension for WindowsStandalone target not found
Native extension for WebGL target not found
Refreshing native plugins compatible for Editor in 37.66 ms, found 3 plugins.
Preloading 0 native plugins for Editor in 0.00 ms.
Mono: successfully reloaded assembly
- Completed reload, in  0.484 seconds
Domain Reload Profiling:
	ReloadAssembly (484ms)
		BeginReloadAssembly (54ms)
			ExecutionOrderSort (0ms)
			DisableScriptedObjects (0ms)
			BackupInstance (0ms)
			ReleaseScriptingObjects (0ms)
			CreateAndSetChildDomain (1ms)
		EndReloadAssembly (372ms)
			LoadAssemblies (53ms)
			RebuildTransferFunctionScriptingTraits (0ms)
			SetupTypeCache (105ms)
			ReleaseScriptCaches (0ms)
			RebuildScriptCaches (21ms)
			SetupLoadedEditorAssemblies (155ms)
				LogAssemblyErrors (0ms)
				InitializePlatformSupportModulesInManaged (5ms)
				SetLoadedEditorAssemblies (0ms)
				RefreshPlugins (38ms)
				BeforeProcessingInitializeOnLoad (11ms)
				ProcessInitializeOnLoadAttributes (72ms)
				ProcessInitializeOnLoadMethodAttributes (29ms)
				AfterProcessingInitializeOnLoad (0ms)
				EditorAssembliesLoaded (0ms)
			ExecutionOrderSort2 (0ms)
			AwakeInstancesAfterBackupRestoration (0ms)
Platform modules already initialized, skipping
Registering precompiled user dll's ...
Registered in 0.004718 seconds.
Begin MonoManager ReloadAssembly
Native extension for WindowsStandalone target not found
Native extension for WebGL target not found
Refreshing native plugins compatible for Editor in 35.28 ms, found 3 plugins.
Preloading 0 native plugins for Editor in 0.00 ms.
Mono: successfully reloaded assembly
- Completed reload, in  0.857 seconds
Domain Reload Profiling:
	ReloadAssembly (858ms)
		BeginReloadAssembly (118ms)
			ExecutionOrderSort (0ms)
			DisableScriptedObjects (4ms)
			BackupInstance (0ms)
			ReleaseScriptingObjects (0ms)
			CreateAndSetChildDomain (18ms)
		EndReloadAssembly (689ms)
			LoadAssemblies (87ms)
			RebuildTransferFunctionScriptingTraits (0ms)
			SetupTypeCache (211ms)
			ReleaseScriptCaches (0ms)
			RebuildScriptCaches (32ms)
			SetupLoadedEditorAssemblies (279ms)
				LogAssemblyErrors (0ms)
				InitializePlatformSupportModulesInManaged (4ms)
				SetLoadedEditorAssemblies (0ms)
				RefreshPlugins (35ms)
				BeforeProcessingInitializeOnLoad (66ms)
				ProcessInitializeOnLoadAttributes (153ms)
				ProcessInitializeOnLoadMethodAttributes (13ms)
				AfterProcessingInitializeOnLoad (6ms)
				EditorAssembliesLoaded (0ms)
			ExecutionOrderSort2 (0ms)
			AwakeInstancesAfterBackupRestoration (5ms)
Platform modules already initialized, skipping
========================================================================
Worker process is ready to serve import requests
Launched and connected shader compiler UnityShaderCompiler.exe after 0.04 seconds
Refreshing native plugins compatible for Editor in 0.60 ms, found 3 plugins.
Preloading 0 native plugins for Editor in 0.00 ms.
Unloading 2196 Unused Serialized files (Serialized files now loaded: 0)
System memory in use before: 96.1 MB.
System memory in use after: 96.0 MB.

Unloading 31 unused Assets to reduce memory usage. Loaded Objects now: 2626.
Total: 3.583300 ms (FindLiveObjects: 0.295400 ms CreateObjectMapping: 0.101800 ms MarkObjects: 3.015700 ms  DeleteObjects: 0.167600 ms)

AssetImportParameters requested are different than current active one (requested -> active):
  custom:framework-win-MediaFoundation: 216162199b28c13a410421893ffa2e32 -> 
  custom:video-decoder-ogg-theora: a1e56fd34408186e4bbccfd4996cb3dc -> 
  custom:container-muxer-webm: aa71ff27fc2769a1b78a27578f13a17b -> 
  custom:container-demuxer-webm: 4f35f7cbe854078d1ac9338744f61a02 -> 
  custom:container-demuxer-ogg: 62fdf1f143b41e24485cea50d1cbac27 -> 
  custom:video-encoder-webm-vp8: eb34c28f22e8b96e1ab97ce403110664 -> 
  custom:video-codec-MediaFoundation-h265: 746d11721c4dcdbdad8f713fa42b33f4 -> 
  custom:video-decoder-webm-vp8: 9c59270c3fd7afecdb556c50c9e8de78 -> 
  custom:audio-decoder-ogg-vorbis: bf7c407c2cedff20999df2af8eb42d56 -> 
  custom:audio-encoder-webm-vorbis: bf7c407c2cedff20999df2af8eb42d56 -> 
========================================================================
Received Import Request.
  path: Assets
  artifactKey: Guid(00000000000000001000000000000000) Importer(815301076,1909f56bfc062723c751e8b465ee728b)
Start importing Assets using Guid(00000000000000001000000000000000) Importer(815301076,1909f56bfc062723c751e8b465ee728b)  -> (artifact id: '42d402b061de3733987d63b9cc3b64de') in 0.010580 seconds 
========================================================================
Received Import Request.
  Time since last request: 3.814678 seconds.
  path: Assets/Sprites
  artifactKey: Guid(bc833c71ae7cc42478e1285b62f681e2) Importer(815301076,1909f56bfc062723c751e8b465ee728b)
Start importing Assets/Sprites using Guid(bc833c71ae7cc42478e1285b62f681e2) Importer(815301076,1909f56bfc062723c751e8b465ee728b)  -> (artifact id: 'd46e4b0e16aea3a124f698d743e5a757') in 0.007365 seconds 
========================================================================
Received Import Request.
  Time since last request: 4.591714 seconds.
  path: Assets/Sprites/Car1.png
  artifactKey: Guid(c1bad27b035c07c43b8e86372fcb33e8) Importer(815301076,1909f56bfc062723c751e8b465ee728b)
Start importing Assets/Sprites/Car1.png using Guid(c1bad27b035c07c43b8e86372fcb33e8) Importer(815301076,1909f56bfc062723c751e8b465ee728b)  -> (artifact id: '50a7b2bd9ffd3a276c284d7259fd078e') in 0.106379 seconds 
========================================================================
Received Import Request.
  Time since last request: 0.000149 seconds.
  path: Assets/Sprites/FroggerIdle.png
  artifactKey: Guid(086682dd17ead474abe3378b1c92aea0) Importer(815301076,1909f56bfc062723c751e8b465ee728b)
Start importing Assets/Sprites/FroggerIdle.png using Guid(086682dd17ead474abe3378b1c92aea0) Importer(815301076,1909f56bfc062723c751e8b465ee728b)  -> (artifact id: '5d6b04930f700163b6cd63a309124b92') in 0.020228 seconds 
========================================================================
Received Import Request.
  Time since last request: 0.000245 seconds.
  path: Assets/Sprites/Home.png
  artifactKey: Guid(7c57cfc98c5982c4aa0d20c5d7cc6f84) Importer(815301076,1909f56bfc062723c751e8b465ee728b)
Start importing Assets/Sprites/Home.png using Guid(7c57cfc98c5982c4aa0d20c5d7cc6f84) Importer(815301076,1909f56bfc062723c751e8b465ee728b)  -> (artifact id: '92d479fe52e7cbd5d550a84de170723a') in 0.020321 seconds 
========================================================================
Received Import Request.
  Time since last request: 0.000140 seconds.
  path: Assets/Sprites/Road.png
  artifactKey: Guid(12f2be1739c2984418cab79b7c7a1e62) Importer(815301076,1909f56bfc062723c751e8b465ee728b)
Start importing Assets/Sprites/Road.png using Guid(12f2be1739c2984418cab79b7c7a1e62) Importer(815301076,1909f56bfc062723c751e8b465ee728b)  -> (artifact id: '0bc6b30a00f78edd22d010b99a46ad5a') in 0.020656 seconds 
========================================================================
Received Import Request.
  Time since last request: 0.000132 seconds.
  path: Assets/Sprites/LogEnd.png
  artifactKey: Guid(b13f14092cfe3054f98691b1fd43aa8e) Importer(815301076,1909f56bfc062723c751e8b465ee728b)
Start importing Assets/Sprites/LogEnd.png using Guid(b13f14092cfe3054f98691b1fd43aa8e) Importer(815301076,1909f56bfc062723c751e8b465ee728b)  -> (artifact id: '8dd10b9cae709a62e4a404e9456e05ee') in 0.018162 seconds 
========================================================================
Received Import Request.
  Time since last request: 0.000128 seconds.
  path: Assets/Sprites/LogStart.png
  artifactKey: Guid(b6ae35befabacdc439e78314856fb844) Importer(815301076,1909f56bfc062723c751e8b465ee728b)
Start importing Assets/Sprites/LogStart.png using Guid(b6ae35befabacdc439e78314856fb844) Importer(815301076,1909f56bfc062723c751e8b465ee728b)  -> (artifact id: 'cc9ccfcf1c27ba3896ccbe532fadc5da') in 0.015323 seconds 
========================================================================
Received Import Request.
  Time since last request: 0.000140 seconds.
  path: Assets/Sprites/Car5.png
  artifactKey: Guid(c8b89fbb3d04bce46aaa0f4122a3d192) Importer(815301076,1909f56bfc062723c751e8b465ee728b)
Start importing Assets/Sprites/Car5.png using Guid(c8b89fbb3d04bce46aaa0f4122a3d192) Importer(815301076,1909f56bfc062723c751e8b465ee728b)  -> (artifact id: 'd8e4131cfc48a208af36b5747bdb6be5') in 0.019350 seconds 
========================================================================
Received Import Request.
  Time since last request: 0.000146 seconds.
  path: Assets/Sprites/LogMiddle.png
  artifactKey: Guid(44d685956e2b77f4991354b841a7be4b) Importer(815301076,1909f56bfc062723c751e8b465ee728b)
Start importing Assets/Sprites/LogMiddle.png using Guid(44d685956e2b77f4991354b841a7be4b) Importer(815301076,1909f56bfc062723c751e8b465ee728b)  -> (artifact id: 'c00beeb9626fbca5ded75fc688ddf17f') in 0.018525 seconds 
========================================================================
Received Import Request.
  Time since last request: 0.000173 seconds.
  path: Assets/Sprites/Car3.png
  artifactKey: Guid(05d8a86a06fa0a441a396fd2a1f9cdc3) Importer(815301076,1909f56bfc062723c751e8b465ee728b)
Start importing Assets/Sprites/Car3.png using Guid(05d8a86a06fa0a441a396fd2a1f9cdc3) Importer(815301076,1909f56bfc062723c751e8b465ee728b)  -> (artifact id: 'a186fd63fee4d7842efab03232aa2b5b') in 0.017399 seconds 
========================================================================
Received Import Request.
  Time since last request: 0.000131 seconds.
  path: Assets/Sprites/Median.png
  artifactKey: Guid(b6be586767c50804c99d864c308a2bdc) Importer(815301076,1909f56bfc062723c751e8b465ee728b)
Start importing Assets/Sprites/Median.png using Guid(b6be586767c50804c99d864c308a2bdc) Importer(815301076,1909f56bfc062723c751e8b465ee728b)  -> (artifact id: '413dff2a33ccbbf80ca7e69976b36050') in 0.019322 seconds 
========================================================================
Received Import Request.
  Time since last request: 0.000155 seconds.
  path: Assets/Sprites/Turtle_02.png
  artifactKey: Guid(16673cfbefa8d7f4f945b4bd3d60d3af) Importer(815301076,1909f56bfc062723c751e8b465ee728b)
Start importing Assets/Sprites/Turtle_02.png using Guid(16673cfbefa8d7f4f945b4bd3d60d3af) Importer(815301076,1909f56bfc062723c751e8b465ee728b)  -> (artifact id: '76a910dd0de821614bdf8eb9f4c40628') in 0.021245 seconds 
========================================================================
Received Import Request.
  Time since last request: 0.000147 seconds.
  path: Assets/Sprites/Turtle_03.png
  artifactKey: Guid(5ed4296acfe03c446b30b36192d15436) Importer(815301076,1909f56bfc062723c751e8b465ee728b)
Start importing Assets/Sprites/Turtle_03.png using Guid(5ed4296acfe03c446b30b36192d15436) Importer(815301076,1909f56bfc062723c751e8b465ee728b)  -> (artifact id: 'cbb701d234e3afdc0e1faeb0d487b41b') in 0.019200 seconds 
========================================================================
Received Import Request.
  Time since last request: 0.000156 seconds.
  path: Assets/Sprites/FroggerLeap.png
  artifactKey: Guid(46524a140a8a60d4d8c25eb9c90de330) Importer(815301076,1909f56bfc062723c751e8b465ee728b)
Start importing Assets/Sprites/FroggerLeap.png using Guid(46524a140a8a60d4d8c25eb9c90de330) Importer(815301076,1909f56bfc062723c751e8b465ee728b)  -> (artifact id: 'faa0f655d8f6320286cf213f4f0ea9ad') in 0.019344 seconds 
========================================================================
Received Import Request.
  Time since last request: 0.000181 seconds.
  path: Assets/Sprites/Turtle_01.png
  artifactKey: Guid(133e821e7d3e63a48a6f0650312ede2d) Importer(815301076,1909f56bfc062723c751e8b465ee728b)
Start importing Assets/Sprites/Turtle_01.png using Guid(133e821e7d3e63a48a6f0650312ede2d) Importer(815301076,1909f56bfc062723c751e8b465ee728b)  -> (artifact id: '62dcb802c76ffa26539c0406afb4b325') in 0.017438 seconds 
========================================================================
Received Import Request.
  Time since last request: 0.000139 seconds.
  path: Assets/Sprites/Car4.png
  artifactKey: Guid(e4d76189a0c7a314489ffd9d795bf395) Importer(815301076,1909f56bfc062723c751e8b465ee728b)
Start importing Assets/Sprites/Car4.png using Guid(e4d76189a0c7a314489ffd9d795bf395) Importer(815301076,1909f56bfc062723c751e8b465ee728b)  -> (artifact id: 'fe63d939ee0250d3c38995fb750bdd4d') in 0.025365 seconds 
========================================================================
Received Import Request.
  Time since last request: 0.000158 seconds.
  path: Assets/Sprites/Car2.png
  artifactKey: Guid(f8838b0c0f17e234b92081d6eed89929) Importer(815301076,1909f56bfc062723c751e8b465ee728b)
Start importing Assets/Sprites/Car2.png using Guid(f8838b0c0f17e234b92081d6eed89929) Importer(815301076,1909f56bfc062723c751e8b465ee728b)  -> (artifact id: '4d76023cc48c168f2503e5e6c08cbe04') in 0.017333 seconds 
========================================================================
Received Import Request.
  Time since last request: 0.000136 seconds.
  path: Assets/Sprites/HomeFrog.png
  artifactKey: Guid(3ac8decae396dae4baaa879a3a491b01) Importer(815301076,1909f56bfc062723c751e8b465ee728b)
Start importing Assets/Sprites/HomeFrog.png using Guid(3ac8decae396dae4baaa879a3a491b01) Importer(815301076,1909f56bfc062723c751e8b465ee728b)  -> (artifact id: '30a8d1c51993eba4dce32b3e6e0381aa') in 0.020617 seconds 
========================================================================
Received Import Request.
  Time since last request: 0.000153 seconds.
  path: Assets/Sprites/FroggerDead.png
  artifactKey: Guid(6edd8ef373bfa4e469d00a58c262ed17) Importer(815301076,1909f56bfc062723c751e8b465ee728b)
Start importing Assets/Sprites/FroggerDead.png using Guid(6edd8ef373bfa4e469d00a58c262ed17) Importer(815301076,1909f56bfc062723c751e8b465ee728b)  -> (artifact id: '6234c5d1ad4e90791b6d763650d37d45') in 0.019002 seconds 
========================================================================
Received Import Request.
  Time since last request: 0.000226 seconds.
  path: Assets/Sprites/Water.png
  artifactKey: Guid(577fab6d98773354784a644d7f6be8be) Importer(815301076,1909f56bfc062723c751e8b465ee728b)
Start importing Assets/Sprites/Water.png using Guid(577fab6d98773354784a644d7f6be8be) Importer(815301076,1909f56bfc062723c751e8b465ee728b)  -> (artifact id: 'f7804b240503fe5a27d9a50a338e41d5') in 0.017801 seconds 
========================================================================
Received Import Request.
  Time since last request: 37.726281 seconds.
  path: Assets/Sctipts
  artifactKey: Guid(f73083f01baa1944ca0b0f51698d4a0c) Importer(815301076,1909f56bfc062723c751e8b465ee728b)
Start importing Assets/Sctipts using Guid(f73083f01baa1944ca0b0f51698d4a0c) Importer(815301076,1909f56bfc062723c751e8b465ee728b)  -> (artifact id: 'e88d5e22f88ab381734fd364cca1ceb6') in 0.007266 seconds 
========================================================================
Received Import Request.
  Time since last request: 40.765825 seconds.
  path: Assets/Sprites/Car1.png
  artifactKey: Guid(c1bad27b035c07c43b8e86372fcb33e8) Importer(815301076,1909f56bfc062723c751e8b465ee728b)
Start importing Assets/Sprites/Car1.png using Guid(c1bad27b035c07c43b8e86372fcb33e8) Importer(815301076,1909f56bfc062723c751e8b465ee728b)  -> (artifact id: '6a41a54e4c31f0e0f968d6d8702275ff') in 0.012863 seconds 
========================================================================
Received Import Request.
  Time since last request: 0.000168 seconds.
  path: Assets/Sprites/FroggerIdle.png
  artifactKey: Guid(086682dd17ead474abe3378b1c92aea0) Importer(815301076,1909f56bfc062723c751e8b465ee728b)
Start importing Assets/Sprites/FroggerIdle.png using Guid(086682dd17ead474abe3378b1c92aea0) Importer(815301076,1909f56bfc062723c751e8b465ee728b)  -> (artifact id: 'cb34d2bbb1d4907861127081b2b28b72') in 0.012166 seconds 
========================================================================
Received Import Request.
  Time since last request: 0.000159 seconds.
  path: Assets/Sprites/Home.png
  artifactKey: Guid(7c57cfc98c5982c4aa0d20c5d7cc6f84) Importer(815301076,1909f56bfc062723c751e8b465ee728b)
Start importing Assets/Sprites/Home.png using Guid(7c57cfc98c5982c4aa0d20c5d7cc6f84) Importer(815301076,1909f56bfc062723c751e8b465ee728b)  -> (artifact id: '462f3ca7f466be6c4ede7a62435a4c9d') in 0.018251 seconds 
========================================================================
Received Import Request.
  Time since last request: 0.000198 seconds.
  path: Assets/Sprites/Road.png
  artifactKey: Guid(12f2be1739c2984418cab79b7c7a1e62) Importer(815301076,1909f56bfc062723c751e8b465ee728b)
Start importing Assets/Sprites/Road.png using Guid(12f2be1739c2984418cab79b7c7a1e62) Importer(815301076,1909f56bfc062723c751e8b465ee728b)  -> (artifact id: 'd2fcae45d9657ad25627271527e521ac') in 0.015774 seconds 
========================================================================
Received Import Request.
  Time since last request: 0.000140 seconds.
  path: Assets/Sprites/LogEnd.png
  artifactKey: Guid(b13f14092cfe3054f98691b1fd43aa8e) Importer(815301076,1909f56bfc062723c751e8b465ee728b)
Start importing Assets/Sprites/LogEnd.png using Guid(b13f14092cfe3054f98691b1fd43aa8e) Importer(815301076,1909f56bfc062723c751e8b465ee728b)  -> (artifact id: '909755b653bfd7a9c52ba1f59c6d0a8a') in 0.014467 seconds 
========================================================================
Received Import Request.
  Time since last request: 0.000160 seconds.
  path: Assets/Sprites/LogStart.png
  artifactKey: Guid(b6ae35befabacdc439e78314856fb844) Importer(815301076,1909f56bfc062723c751e8b465ee728b)
Start importing Assets/Sprites/LogStart.png using Guid(b6ae35befabacdc439e78314856fb844) Importer(815301076,1909f56bfc062723c751e8b465ee728b)  -> (artifact id: '2969c99c6610a2cc86db8ec8fb10a104') in 0.014142 seconds 
========================================================================
Received Import Request.
  Time since last request: 0.000174 seconds.
  path: Assets/Sprites/Car5.png
  artifactKey: Guid(c8b89fbb3d04bce46aaa0f4122a3d192) Importer(815301076,1909f56bfc062723c751e8b465ee728b)
Start importing Assets/Sprites/Car5.png using Guid(c8b89fbb3d04bce46aaa0f4122a3d192) Importer(815301076,1909f56bfc062723c751e8b465ee728b)  -> (artifact id: '3540c333cea844a88eaffadcd6a48265') in 0.017240 seconds 
========================================================================
Received Import Request.
  Time since last request: 0.000153 seconds.
  path: Assets/Sprites/LogMiddle.png
  artifactKey: Guid(44d685956e2b77f4991354b841a7be4b) Importer(815301076,1909f56bfc062723c751e8b465ee728b)
Start importing Assets/Sprites/LogMiddle.png using Guid(44d685956e2b77f4991354b841a7be4b) Importer(815301076,1909f56bfc062723c751e8b465ee728b)  -> (artifact id: 'f8af3a73245e37f26ad82f6b4f91067e') in 0.017535 seconds 
========================================================================
Received Import Request.
  Time since last request: 0.000204 seconds.
  path: Assets/Sprites/Car3.png
  artifactKey: Guid(05d8a86a06fa0a441a396fd2a1f9cdc3) Importer(815301076,1909f56bfc062723c751e8b465ee728b)
Start importing Assets/Sprites/Car3.png using Guid(05d8a86a06fa0a441a396fd2a1f9cdc3) Importer(815301076,1909f56bfc062723c751e8b465ee728b)  -> (artifact id: '3520c755ae902424e59ddf9e39a65c35') in 0.011195 seconds 
========================================================================
Received Import Request.
  Time since last request: 0.000239 seconds.
  path: Assets/Sprites/Median.png
  artifactKey: Guid(b6be586767c50804c99d864c308a2bdc) Importer(815301076,1909f56bfc062723c751e8b465ee728b)
Start importing Assets/Sprites/Median.png using Guid(b6be586767c50804c99d864c308a2bdc) Importer(815301076,1909f56bfc062723c751e8b465ee728b)  -> (artifact id: '9823ad947aa766d3f590e00033dc5731') in 0.017427 seconds 
========================================================================
Received Import Request.
  Time since last request: 0.000162 seconds.
  path: Assets/Sprites/Turtle_02.png
  artifactKey: Guid(16673cfbefa8d7f4f945b4bd3d60d3af) Importer(815301076,1909f56bfc062723c751e8b465ee728b)
Start importing Assets/Sprites/Turtle_02.png using Guid(16673cfbefa8d7f4f945b4bd3d60d3af) Importer(815301076,1909f56bfc062723c751e8b465ee728b)  -> (artifact id: '9efb0266017f7ce5a8585cddfe18ea5c') in 0.016525 seconds 
========================================================================
Received Import Request.
  Time since last request: 0.000172 seconds.
  path: Assets/Sprites/Turtle_03.png
  artifactKey: Guid(5ed4296acfe03c446b30b36192d15436) Importer(815301076,1909f56bfc062723c751e8b465ee728b)
Start importing Assets/Sprites/Turtle_03.png using Guid(5ed4296acfe03c446b30b36192d15436) Importer(815301076,1909f56bfc062723c751e8b465ee728b)  -> (artifact id: '97f4ef3b15c4c8da514cd5eeb64eea33') in 0.014507 seconds 
========================================================================
Received Import Request.
  Time since last request: 0.000137 seconds.
  path: Assets/Sprites/FroggerLeap.png
  artifactKey: Guid(46524a140a8a60d4d8c25eb9c90de330) Importer(815301076,1909f56bfc062723c751e8b465ee728b)
Start importing Assets/Sprites/FroggerLeap.png using Guid(46524a140a8a60d4d8c25eb9c90de330) Importer(815301076,1909f56bfc062723c751e8b465ee728b)  -> (artifact id: '2383e9cbbcd65380bcabec74b8143584') in 0.016549 seconds 
========================================================================
Received Import Request.
  Time since last request: 0.000176 seconds.
  path: Assets/Sprites/Turtle_01.png
  artifactKey: Guid(133e821e7d3e63a48a6f0650312ede2d) Importer(815301076,1909f56bfc062723c751e8b465ee728b)
Start importing Assets/Sprites/Turtle_01.png using Guid(133e821e7d3e63a48a6f0650312ede2d) Importer(815301076,1909f56bfc062723c751e8b465ee728b)  -> (artifact id: '3463a610756b6bdbebf76d4fd1905b7f') in 0.012062 seconds 
========================================================================
Received Import Request.
  Time since last request: 0.000181 seconds.
  path: Assets/Sprites/Car4.png
  artifactKey: Guid(e4d76189a0c7a314489ffd9d795bf395) Importer(815301076,1909f56bfc062723c751e8b465ee728b)
Start importing Assets/Sprites/Car4.png using Guid(e4d76189a0c7a314489ffd9d795bf395) Importer(815301076,1909f56bfc062723c751e8b465ee728b)  -> (artifact id: 'b52e3d5a154fb39fb7bf11e055e67ac2') in 0.015261 seconds 
========================================================================
Received Import Request.
  Time since last request: 0.000304 seconds.
  path: Assets/Sprites/Car2.png
  artifactKey: Guid(f8838b0c0f17e234b92081d6eed89929) Importer(815301076,1909f56bfc062723c751e8b465ee728b)
Start importing Assets/Sprites/Car2.png using Guid(f8838b0c0f17e234b92081d6eed89929) Importer(815301076,1909f56bfc062723c751e8b465ee728b)  -> (artifact id: '62e5f493dd3e034499f01c74dc04bdfc') in 0.014257 seconds 
========================================================================
Received Import Request.
  Time since last request: 0.000167 seconds.
  path: Assets/Sprites/HomeFrog.png
  artifactKey: Guid(3ac8decae396dae4baaa879a3a491b01) Importer(815301076,1909f56bfc062723c751e8b465ee728b)
Start importing Assets/Sprites/HomeFrog.png using Guid(3ac8decae396dae4baaa879a3a491b01) Importer(815301076,1909f56bfc062723c751e8b465ee728b)  -> (artifact id: 'f0a44336728ab4a62adabdaa3d284709') in 0.014496 seconds 
========================================================================
Received Import Request.
  Time since last request: 0.000178 seconds.
  path: Assets/Sprites/FroggerDead.png
  artifactKey: Guid(6edd8ef373bfa4e469d00a58c262ed17) Importer(815301076,1909f56bfc062723c751e8b465ee728b)
Start importing Assets/Sprites/FroggerDead.png using Guid(6edd8ef373bfa4e469d00a58c262ed17) Importer(815301076,1909f56bfc062723c751e8b465ee728b)  -> (artifact id: 'a49b5fd4c4312b44a507ad341f8fa99a') in 0.013934 seconds 
========================================================================
Received Import Request.
  Time since last request: 0.000199 seconds.
  path: Assets/Sprites/Water.png
  artifactKey: Guid(577fab6d98773354784a644d7f6be8be) Importer(815301076,1909f56bfc062723c751e8b465ee728b)
Start importing Assets/Sprites/Water.png using Guid(577fab6d98773354784a644d7f6be8be) Importer(815301076,1909f56bfc062723c751e8b465ee728b)  -> (artifact id: '869a31f0bc62a7f733a4083513956652') in 0.016700 seconds 
========================================================================
Received Import Request.
  Time since last request: 2549.416712 seconds.
  path: Assets/Scenes
  artifactKey: Guid(131a6b21c8605f84396be9f6751fb6e3) Importer(815301076,1909f56bfc062723c751e8b465ee728b)
Start importing Assets/Scenes using Guid(131a6b21c8605f84396be9f6751fb6e3) Importer(815301076,1909f56bfc062723c751e8b465ee728b)  -> (artifact id: 'df75b7d1a31c5b4f73fd45661b403b04') in 0.010638 seconds 
========================================================================
Received Import Request.
  Time since last request: 10.119965 seconds.
  path: Assets/Prefabs
  artifactKey: Guid(4a4c78d585d40744d8bf516b411dd442) Importer(815301076,1909f56bfc062723c751e8b465ee728b)
Start importing Assets/Prefabs using Guid(4a4c78d585d40744d8bf516b411dd442) Importer(815301076,1909f56bfc062723c751e8b465ee728b)  -> (artifact id: '83ae7f066519d630147305d77d19cc0c') in 0.008289 seconds 
========================================================================
Received Import Request.
  Time since last request: 1825.809384 seconds.
  path: Assets/Sprites/Car1.png
  artifactKey: Guid(c1bad27b035c07c43b8e86372fcb33e8) Importer(815301076,1909f56bfc062723c751e8b465ee728b)
Start importing Assets/Sprites/Car1.png using Guid(c1bad27b035c07c43b8e86372fcb33e8) Importer(815301076,1909f56bfc062723c751e8b465ee728b)  -> (artifact id: '8cbf154f81445428499ac33e07fa8ddd') in 0.143000 seconds 
========================================================================
Received Import Request.
  Time since last request: 0.000380 seconds.
  path: Assets/Sprites/FroggerIdle.png
  artifactKey: Guid(086682dd17ead474abe3378b1c92aea0) Importer(815301076,1909f56bfc062723c751e8b465ee728b)
Start importing Assets/Sprites/FroggerIdle.png using Guid(086682dd17ead474abe3378b1c92aea0) Importer(815301076,1909f56bfc062723c751e8b465ee728b)  -> (artifact id: 'e7c960121124049fdb2142e0f8eb421a') in 0.020805 seconds 
========================================================================
Received Import Request.
  Time since last request: 0.000189 seconds.
  path: Assets/Sprites/Home.png
  artifactKey: Guid(7c57cfc98c5982c4aa0d20c5d7cc6f84) Importer(815301076,1909f56bfc062723c751e8b465ee728b)
Start importing Assets/Sprites/Home.png using Guid(7c57cfc98c5982c4aa0d20c5d7cc6f84) Importer(815301076,1909f56bfc062723c751e8b465ee728b)  -> (artifact id: 'af198c575d73e86252db8316a12d75a1') in 0.023655 seconds 
========================================================================
Received Import Request.
  Time since last request: 0.000154 seconds.
  path: Assets/Sprites/Road.png
  artifactKey: Guid(12f2be1739c2984418cab79b7c7a1e62) Importer(815301076,1909f56bfc062723c751e8b465ee728b)
Start importing Assets/Sprites/Road.png using Guid(12f2be1739c2984418cab79b7c7a1e62) Importer(815301076,1909f56bfc062723c751e8b465ee728b)  -> (artifact id: 'd525ece48b19aff0b02b8ed2f0e2b32f') in 0.022139 seconds 
========================================================================
Received Import Request.
  Time since last request: 0.000174 seconds.
  path: Assets/Sprites/LogEnd.png
  artifactKey: Guid(b13f14092cfe3054f98691b1fd43aa8e) Importer(815301076,1909f56bfc062723c751e8b465ee728b)
Start importing Assets/Sprites/LogEnd.png using Guid(b13f14092cfe3054f98691b1fd43aa8e) Importer(815301076,1909f56bfc062723c751e8b465ee728b)  -> (artifact id: 'cd737eb76e6d8d5a2c464a505ae7d30e') in 0.017479 seconds 
========================================================================
Received Import Request.
  Time since last request: 0.000205 seconds.
  path: Assets/Sprites/LogStart.png
  artifactKey: Guid(b6ae35befabacdc439e78314856fb844) Importer(815301076,1909f56bfc062723c751e8b465ee728b)
Start importing Assets/Sprites/LogStart.png using Guid(b6ae35befabacdc439e78314856fb844) Importer(815301076,1909f56bfc062723c751e8b465ee728b)  -> (artifact id: '24ae3bee01acd4c35ec374b46500b3a1') in 0.021760 seconds 
========================================================================
Received Import Request.
  Time since last request: 0.000166 seconds.
  path: Assets/Sprites/Car5.png
  artifactKey: Guid(c8b89fbb3d04bce46aaa0f4122a3d192) Importer(815301076,1909f56bfc062723c751e8b465ee728b)
Start importing Assets/Sprites/Car5.png using Guid(c8b89fbb3d04bce46aaa0f4122a3d192) Importer(815301076,1909f56bfc062723c751e8b465ee728b)  -> (artifact id: '7abd39b0242afe962bddee56968f5fa7') in 0.019824 seconds 
========================================================================
Received Import Request.
  Time since last request: 0.000174 seconds.
  path: Assets/Sprites/LogMiddle.png
  artifactKey: Guid(44d685956e2b77f4991354b841a7be4b) Importer(815301076,1909f56bfc062723c751e8b465ee728b)
Start importing Assets/Sprites/LogMiddle.png using Guid(44d685956e2b77f4991354b841a7be4b) Importer(815301076,1909f56bfc062723c751e8b465ee728b)  -> (artifact id: '36ca6cf7f85ee005da7d01f45dd81616') in 0.026995 seconds 
========================================================================
Received Import Request.
  Time since last request: 0.000179 seconds.
  path: Assets/Sprites/Car3.png
  artifactKey: Guid(05d8a86a06fa0a441a396fd2a1f9cdc3) Importer(815301076,1909f56bfc062723c751e8b465ee728b)
Start importing Assets/Sprites/Car3.png using Guid(05d8a86a06fa0a441a396fd2a1f9cdc3) Importer(815301076,1909f56bfc062723c751e8b465ee728b)  -> (artifact id: '18fdb192f221f6be4070df4b054fb6e7') in 0.018555 seconds 
========================================================================
Received Import Request.
  Time since last request: 0.000412 seconds.
  path: Assets/Sprites/Median.png
  artifactKey: Guid(b6be586767c50804c99d864c308a2bdc) Importer(815301076,1909f56bfc062723c751e8b465ee728b)
Start importing Assets/Sprites/Median.png using Guid(b6be586767c50804c99d864c308a2bdc) Importer(815301076,1909f56bfc062723c751e8b465ee728b)  -> (artifact id: '1fa15f07502e9dbfeeddb9fd5c12a92f') in 0.018422 seconds 
========================================================================
Received Import Request.
  Time since last request: 0.000163 seconds.
  path: Assets/Sprites/Turtle_02.png
  artifactKey: Guid(16673cfbefa8d7f4f945b4bd3d60d3af) Importer(815301076,1909f56bfc062723c751e8b465ee728b)
Start importing Assets/Sprites/Turtle_02.png using Guid(16673cfbefa8d7f4f945b4bd3d60d3af) Importer(815301076,1909f56bfc062723c751e8b465ee728b)  -> (artifact id: '45f519d9ea1717ddeaa03affc1b659ba') in 0.017146 seconds 
========================================================================
Received Import Request.
  Time since last request: 0.000186 seconds.
  path: Assets/Sprites/Turtle_03.png
  artifactKey: Guid(5ed4296acfe03c446b30b36192d15436) Importer(815301076,1909f56bfc062723c751e8b465ee728b)
Start importing Assets/Sprites/Turtle_03.png using Guid(5ed4296acfe03c446b30b36192d15436) Importer(815301076,1909f56bfc062723c751e8b465ee728b)  -> (artifact id: '738ba1377cc8486d08db05290e76834f') in 0.019508 seconds 
========================================================================
Received Import Request.
  Time since last request: 0.000173 seconds.
  path: Assets/Sprites/FroggerLeap.png
  artifactKey: Guid(46524a140a8a60d4d8c25eb9c90de330) Importer(815301076,1909f56bfc062723c751e8b465ee728b)
Start importing Assets/Sprites/FroggerLeap.png using Guid(46524a140a8a60d4d8c25eb9c90de330) Importer(815301076,1909f56bfc062723c751e8b465ee728b)  -> (artifact id: 'f4a1b3c113e4b518179195186a1f964b') in 0.019528 seconds 
========================================================================
Received Import Request.
  Time since last request: 0.000237 seconds.
  path: Assets/Sprites/Turtle_01.png
  artifactKey: Guid(133e821e7d3e63a48a6f0650312ede2d) Importer(815301076,1909f56bfc062723c751e8b465ee728b)
Start importing Assets/Sprites/Turtle_01.png using Guid(133e821e7d3e63a48a6f0650312ede2d) Importer(815301076,1909f56bfc062723c751e8b465ee728b)  -> (artifact id: 'cff884dd4cc54e33d269706fbd0e323b') in 0.020059 seconds 
========================================================================
Received Import Request.
  Time since last request: 0.000176 seconds.
  path: Assets/Sprites/Car4.png
  artifactKey: Guid(e4d76189a0c7a314489ffd9d795bf395) Importer(815301076,1909f56bfc062723c751e8b465ee728b)
Start importing Assets/Sprites/Car4.png using Guid(e4d76189a0c7a314489ffd9d795bf395) Importer(815301076,1909f56bfc062723c751e8b465ee728b)  -> (artifact id: '82c9b9e4b7cae71d6ba166051f6dd595') in 0.022497 seconds 
========================================================================
Received Import Request.
  Time since last request: 0.000185 seconds.
  path: Assets/Sprites/Car2.png
  artifactKey: Guid(f8838b0c0f17e234b92081d6eed89929) Importer(815301076,1909f56bfc062723c751e8b465ee728b)
Start importing Assets/Sprites/Car2.png using Guid(f8838b0c0f17e234b92081d6eed89929) Importer(815301076,1909f56bfc062723c751e8b465ee728b)  -> (artifact id: 'ed72fd238b1416a976cbaf6aa5c6c367') in 0.022287 seconds 
========================================================================
Received Import Request.
  Time since last request: 0.000165 seconds.
  path: Assets/Sprites/HomeFrog.png
  artifactKey: Guid(3ac8decae396dae4baaa879a3a491b01) Importer(815301076,1909f56bfc062723c751e8b465ee728b)
Start importing Assets/Sprites/HomeFrog.png using Guid(3ac8decae396dae4baaa879a3a491b01) Importer(815301076,1909f56bfc062723c751e8b465ee728b)  -> (artifact id: '936265bd18bbe768408a5f49ded899ff') in 0.020365 seconds 
========================================================================
Received Import Request.
  Time since last request: 0.000184 seconds.
  path: Assets/Sprites/FroggerDead.png
  artifactKey: Guid(6edd8ef373bfa4e469d00a58c262ed17) Importer(815301076,1909f56bfc062723c751e8b465ee728b)
Start importing Assets/Sprites/FroggerDead.png using Guid(6edd8ef373bfa4e469d00a58c262ed17) Importer(815301076,1909f56bfc062723c751e8b465ee728b)  -> (artifact id: 'b8d7bc7033a9dc01eace9667dbe80f8c') in 0.021257 seconds 
========================================================================
Received Import Request.
  Time since last request: 0.000188 seconds.
  path: Assets/Sprites/Water.png
  artifactKey: Guid(577fab6d98773354784a644d7f6be8be) Importer(815301076,1909f56bfc062723c751e8b465ee728b)
Start importing Assets/Sprites/Water.png using Guid(577fab6d98773354784a644d7f6be8be) Importer(815301076,1909f56bfc062723c751e8b465ee728b)  -> (artifact id: 'fec3fa426af4482942bb7e6ab800d1ab') in 0.022172 seconds 
========================================================================
Received Import Request.
  Time since last request: 461.721397 seconds.
  path: Assets/Sprites/Median.png
  artifactKey: Guid(b6be586767c50804c99d864c308a2bdc) Importer(815301076,1909f56bfc062723c751e8b465ee728b)
Start importing Assets/Sprites/Median.png using Guid(b6be586767c50804c99d864c308a2bdc) Importer(815301076,1909f56bfc062723c751e8b465ee728b)  -> (artifact id: 'e926bca6f50afc27098a0ef461460ab4') in 0.014145 seconds 
========================================================================
Received Import Request.
  Time since last request: 4.921265 seconds.
  path: Assets/Sprites/Median.png
  artifactKey: Guid(b6be586767c50804c99d864c308a2bdc) Importer(815301076,1909f56bfc062723c751e8b465ee728b)
Start importing Assets/Sprites/Median.png using Guid(b6be586767c50804c99d864c308a2bdc) Importer(815301076,1909f56bfc062723c751e8b465ee728b)  -> (artifact id: 'd2150869a2cd3e101880d3a5d392649e') in 0.015329 seconds 
========================================================================
Received Import Request.
  Time since last request: 275.623053 seconds.
  path: Assets/Prefabs/Car1.prefab
  artifactKey: Guid(9bd8ec25704e6584d8fea75227b2823e) Importer(815301076,1909f56bfc062723c751e8b465ee728b)
Start importing Assets/Prefabs/Car1.prefab using Guid(9bd8ec25704e6584d8fea75227b2823e) Importer(815301076,1909f56bfc062723c751e8b465ee728b)  -> (artifact id: '038fc61e1e3135de2aa1ec23f5f6103d') in 0.194845 seconds 
========================================================================
Received Import Request.
  Time since last request: 204.586987 seconds.
  path: Assets/Prefabs/Car2.prefab
  artifactKey: Guid(542a869a964f5e040a61cc35f9bb3f2c) Importer(815301076,1909f56bfc062723c751e8b465ee728b)
Start importing Assets/Prefabs/Car2.prefab using Guid(542a869a964f5e040a61cc35f9bb3f2c) Importer(815301076,1909f56bfc062723c751e8b465ee728b)  -> (artifact id: 'ef2861e9f8f0cb94540a3595d2017d1c') in 0.014738 seconds 
========================================================================
Received Import Request.
  Time since last request: 115.617165 seconds.
  path: Assets/Prefabs/Car3.prefab
  artifactKey: Guid(aa5a47853de02de4293dabf22978c57b) Importer(815301076,1909f56bfc062723c751e8b465ee728b)
Start importing Assets/Prefabs/Car3.prefab using Guid(aa5a47853de02de4293dabf22978c57b) Importer(815301076,1909f56bfc062723c751e8b465ee728b)  -> (artifact id: 'd710bfd013c180e80f72e67f650a1cda') in 0.014663 seconds 
========================================================================
Received Import Request.
  Time since last request: 57.374429 seconds.
  path: Assets/Prefabs/Car4.prefab
  artifactKey: Guid(4dfa11a7a8363bb45898b8befaa59fc7) Importer(815301076,1909f56bfc062723c751e8b465ee728b)
Start importing Assets/Prefabs/Car4.prefab using Guid(4dfa11a7a8363bb45898b8befaa59fc7) Importer(815301076,1909f56bfc062723c751e8b465ee728b)  -> (artifact id: 'f8d08bfa440cb7ab71cd5ae8fbee14f0') in 0.012704 seconds 
========================================================================
Received Import Request.
  Time since last request: 136.831582 seconds.
  path: Assets/Prefabs/Car5.prefab
  artifactKey: Guid(d1b43e0051d71074cb8266e1804e3510) Importer(815301076,1909f56bfc062723c751e8b465ee728b)
Start importing Assets/Prefabs/Car5.prefab using Guid(d1b43e0051d71074cb8266e1804e3510) Importer(815301076,1909f56bfc062723c751e8b465ee728b)  -> (artifact id: '553e9f26f83992712e38af7e2d70d7ec') in 0.013596 seconds 
========================================================================
Received Import Request.
  Time since last request: 27.318609 seconds.
  path: Assets/Prefabs/Car5.prefab
  artifactKey: Guid(d1b43e0051d71074cb8266e1804e3510) Importer(815301076,1909f56bfc062723c751e8b465ee728b)
Start importing Assets/Prefabs/Car5.prefab using Guid(d1b43e0051d71074cb8266e1804e3510) Importer(815301076,1909f56bfc062723c751e8b465ee728b)  -> (artifact id: '2025ad80afa161c740e9a19699cd7422') in 0.015647 seconds 
========================================================================
Received Import Request.
  Time since last request: 243.480302 seconds.
  path: Assets/Prefabs/Car5.prefab
  artifactKey: Guid(d1b43e0051d71074cb8266e1804e3510) Importer(815301076,1909f56bfc062723c751e8b465ee728b)
Start importing Assets/Prefabs/Car5.prefab using Guid(d1b43e0051d71074cb8266e1804e3510) Importer(815301076,1909f56bfc062723c751e8b465ee728b)  -> (artifact id: 'e9d163347e305a4e44d2e8c4055e6f2a') in 0.010676 seconds 
========================================================================
Received Import Request.
  Time since last request: 2.986645 seconds.
  path: Assets/Prefabs/Car4.prefab
  artifactKey: Guid(4dfa11a7a8363bb45898b8befaa59fc7) Importer(815301076,1909f56bfc062723c751e8b465ee728b)
Start importing Assets/Prefabs/Car4.prefab using Guid(4dfa11a7a8363bb45898b8befaa59fc7) Importer(815301076,1909f56bfc062723c751e8b465ee728b)  -> (artifact id: '94554fe43801d4ad0dfb3f4f381d2d5e') in 0.017623 seconds 
========================================================================
Received Import Request.
  Time since last request: 3.892550 seconds.
  path: Assets/Prefabs/Car3.prefab
  artifactKey: Guid(aa5a47853de02de4293dabf22978c57b) Importer(815301076,1909f56bfc062723c751e8b465ee728b)
Start importing Assets/Prefabs/Car3.prefab using Guid(aa5a47853de02de4293dabf22978c57b) Importer(815301076,1909f56bfc062723c751e8b465ee728b)  -> (artifact id: 'b350f64e66328386da80ae495bac968c') in 0.009787 seconds 
========================================================================
Received Import Request.
  Time since last request: 2.491398 seconds.
  path: Assets/Prefabs/Car2.prefab
  artifactKey: Guid(542a869a964f5e040a61cc35f9bb3f2c) Importer(815301076,1909f56bfc062723c751e8b465ee728b)
Start importing Assets/Prefabs/Car2.prefab using Guid(542a869a964f5e040a61cc35f9bb3f2c) Importer(815301076,1909f56bfc062723c751e8b465ee728b)  -> (artifact id: 'b810027f1bfa54960480013a90b49ead') in 0.009196 seconds 
========================================================================
Received Import Request.
  Time since last request: 2.126427 seconds.
  path: Assets/Prefabs/Car1.prefab
  artifactKey: Guid(9bd8ec25704e6584d8fea75227b2823e) Importer(815301076,1909f56bfc062723c751e8b465ee728b)
Start importing Assets/Prefabs/Car1.prefab using Guid(9bd8ec25704e6584d8fea75227b2823e) Importer(815301076,1909f56bfc062723c751e8b465ee728b)  -> (artifact id: 'e5bc5d3b1a9b2ffe4b11c439d07106ea') in 0.011390 seconds 
========================================================================
Received Import Request.
  Time since last request: 134.985523 seconds.
  path: Assets/Prefabs/Turtle.prefab
  artifactKey: Guid(aea177bae80e0b248ad38abf8e906772) Importer(815301076,1909f56bfc062723c751e8b465ee728b)
Start importing Assets/Prefabs/Turtle.prefab using Guid(aea177bae80e0b248ad38abf8e906772) Importer(815301076,1909f56bfc062723c751e8b465ee728b)  -> (artifact id: '43279f187b3874ad4ad5045ea044b7e3') in 0.014998 seconds 
========================================================================
Received Import Request.
  Time since last request: 125.740874 seconds.
  path: Assets/Prefabs/Turtle3.prefab
  artifactKey: Guid(208fdbec57df864429b35aa88dd82116) Importer(815301076,1909f56bfc062723c751e8b465ee728b)
Start importing Assets/Prefabs/Turtle3.prefab using Guid(208fdbec57df864429b35aa88dd82116) Importer(815301076,1909f56bfc062723c751e8b465ee728b)  -> (artifact id: '1129748e509c9d0b5e4d8e0275da1dbd') in 0.022185 seconds 
========================================================================
Received Import Request.
  Time since last request: 193.155160 seconds.
  path: Assets/Prefabs/Turtle2.prefab
  artifactKey: Guid(3f942ce645ccf5447b6ec86c868b179a) Importer(815301076,1909f56bfc062723c751e8b465ee728b)
Start importing Assets/Prefabs/Turtle2.prefab using Guid(3f942ce645ccf5447b6ec86c868b179a) Importer(815301076,1909f56bfc062723c751e8b465ee728b)  -> (artifact id: 'dbaa0daffb597f199a2b4582a0f886b5') in 0.023620 seconds 
========================================================================
Received Import Request.
  Time since last request: 210.030875 seconds.
  path: Assets/Prefabs/Log3.prefab
  artifactKey: Guid(2f0a3eda650545741bdace004be15eed) Importer(815301076,1909f56bfc062723c751e8b465ee728b)
Start importing Assets/Prefabs/Log3.prefab using Guid(2f0a3eda650545741bdace004be15eed) Importer(815301076,1909f56bfc062723c751e8b465ee728b)  -> (artifact id: '2394071c1932050c9d5eb8906b4c3825') in 0.021423 seconds 
========================================================================
Received Import Request.
  Time since last request: 207.812768 seconds.
  path: Assets/Prefabs/Log6.prefab
  artifactKey: Guid(9739dcafed2e1f3419547c04b4615bfe) Importer(815301076,1909f56bfc062723c751e8b465ee728b)
Start importing Assets/Prefabs/Log6.prefab using Guid(9739dcafed2e1f3419547c04b4615bfe) Importer(815301076,1909f56bfc062723c751e8b465ee728b)  -> (artifact id: 'fc4df5ada736358f781cd51cdc72cebe') in 0.018265 seconds 
========================================================================
Received Import Request.
  Time since last request: 127.102262 seconds.
  path: Assets/Prefabs/Log4.prefab
  artifactKey: Guid(26bf46b8336502b48bf1932ab17bbbd0) Importer(815301076,1909f56bfc062723c751e8b465ee728b)
Start importing Assets/Prefabs/Log4.prefab using Guid(26bf46b8336502b48bf1932ab17bbbd0) Importer(815301076,1909f56bfc062723c751e8b465ee728b)  -> (artifact id: '257ae83450ab3252e75e7802b8c9746e') in 0.020558 seconds 
========================================================================
Received Import Request.
  Time since last request: 444.195830 seconds.
  path: Assets/Prefabs/Home.prefab
  artifactKey: Guid(4869c88fda706794d9cb92aa436c7e42) Importer(815301076,1909f56bfc062723c751e8b465ee728b)
Start importing Assets/Prefabs/Home.prefab using Guid(4869c88fda706794d9cb92aa436c7e42) Importer(815301076,1909f56bfc062723c751e8b465ee728b)  -> (artifact id: '2d122814e9d7f325605df3dd26879d8a') in 0.014658 seconds 
========================================================================
Received Import Request.
  Time since last request: 416.638033 seconds.
  path: Assets/Sctipts/Frogger.cs
  artifactKey: Guid(aa6af6de8df8e5248b7305716f04160f) Importer(815301076,1909f56bfc062723c751e8b465ee728b)
Start importing Assets/Sctipts/Frogger.cs using Guid(aa6af6de8df8e5248b7305716f04160f) Importer(815301076,1909f56bfc062723c751e8b465ee728b)  -> (artifact id: '04f3d073907fc9aa135036bc57a98ba5') in 0.029029 seconds 
========================================================================
Received Prepare
Registering precompiled user dll's ...
Registered in 0.048372 seconds.
Begin MonoManager ReloadAssembly
Native extension for WindowsStandalone target not found
Native extension for WebGL target not found
Refreshing native plugins compatible for Editor in 1.12 ms, found 3 plugins.
Preloading 0 native plugins for Editor in 0.00 ms.
Mono: successfully reloaded assembly
- Completed reload, in  3.010 seconds
Domain Reload Profiling:
	ReloadAssembly (3015ms)
		BeginReloadAssembly (819ms)
			ExecutionOrderSort (0ms)
			DisableScriptedObjects (45ms)
			BackupInstance (0ms)
			ReleaseScriptingObjects (0ms)
			CreateAndSetChildDomain (373ms)
		EndReloadAssembly (1987ms)
			LoadAssemblies (622ms)
			RebuildTransferFunctionScriptingTraits (2ms)
			SetupTypeCache (920ms)
			ReleaseScriptCaches (2ms)
			RebuildScriptCaches (58ms)
			SetupLoadedEditorAssemblies (472ms)
				LogAssemblyErrors (0ms)
				InitializePlatformSupportModulesInManaged (16ms)
				SetLoadedEditorAssemblies (2ms)
				RefreshPlugins (1ms)
				BeforeProcessingInitializeOnLoad (125ms)
				ProcessInitializeOnLoadAttributes (294ms)
				ProcessInitializeOnLoadMethodAttributes (21ms)
				AfterProcessingInitializeOnLoad (10ms)
				EditorAssembliesLoaded (1ms)
			ExecutionOrderSort2 (0ms)
			AwakeInstancesAfterBackupRestoration (23ms)
Platform modules already initialized, skipping
Refreshing native plugins compatible for Editor in 1.82 ms, found 3 plugins.
Preloading 0 native plugins for Editor in 0.00 ms.
Unloading 2192 Unused Serialized files (Serialized files now loaded: 0)
System memory in use before: 99.2 MB.
System memory in use after: 99.2 MB.

Unloading 20 unused Assets to reduce memory usage. Loaded Objects now: 2643.
Total: 11.213300 ms (FindLiveObjects: 0.507100 ms CreateObjectMapping: 0.289000 ms MarkObjects: 8.723400 ms  DeleteObjects: 1.690000 ms)

AssetImportParameters requested are different than current active one (requested -> active):
  custom:framework-win-MediaFoundation: 216162199b28c13a410421893ffa2e32 -> 
  custom:video-decoder-ogg-theora: a1e56fd34408186e4bbccfd4996cb3dc -> 
  custom:container-muxer-webm: aa71ff27fc2769a1b78a27578f13a17b -> 
  custom:container-demuxer-webm: 4f35f7cbe854078d1ac9338744f61a02 -> 
  custom:container-demuxer-ogg: 62fdf1f143b41e24485cea50d1cbac27 -> 
  custom:video-encoder-webm-vp8: eb34c28f22e8b96e1ab97ce403110664 -> 
  custom:video-codec-MediaFoundation-h265: 746d11721c4dcdbdad8f713fa42b33f4 -> 
  custom:video-decoder-webm-vp8: 9c59270c3fd7afecdb556c50c9e8de78 -> 
  custom:audio-decoder-ogg-vorbis: bf7c407c2cedff20999df2af8eb42d56 -> 
  custom:audio-encoder-webm-vorbis: bf7c407c2cedff20999df2af8eb42d56 -> 
========================================================================
Received Prepare
Registering precompiled user dll's ...
Registered in 0.012899 seconds.
Begin MonoManager ReloadAssembly
Native extension for WindowsStandalone target not found
Native extension for WebGL target not found
Refreshing native plugins compatible for Editor in 0.62 ms, found 3 plugins.
Preloading 0 native plugins for Editor in 0.00 ms.
Mono: successfully reloaded assembly
- Completed reload, in  1.013 seconds
Domain Reload Profiling:
	ReloadAssembly (1015ms)
		BeginReloadAssembly (142ms)
			ExecutionOrderSort (0ms)
			DisableScriptedObjects (6ms)
			BackupInstance (0ms)
			ReleaseScriptingObjects (0ms)
			CreateAndSetChildDomain (51ms)
		EndReloadAssembly (811ms)
			LoadAssemblies (121ms)
			RebuildTransferFunctionScriptingTraits (0ms)
			SetupTypeCache (267ms)
			ReleaseScriptCaches (1ms)
			RebuildScriptCaches (34ms)
			SetupLoadedEditorAssemblies (317ms)
				LogAssemblyErrors (0ms)
				InitializePlatformSupportModulesInManaged (5ms)
				SetLoadedEditorAssemblies (0ms)
				RefreshPlugins (1ms)
				BeforeProcessingInitializeOnLoad (101ms)
				ProcessInitializeOnLoadAttributes (191ms)
				ProcessInitializeOnLoadMethodAttributes (12ms)
				AfterProcessingInitializeOnLoad (7ms)
				EditorAssembliesLoaded (0ms)
			ExecutionOrderSort2 (0ms)
			AwakeInstancesAfterBackupRestoration (9ms)
Platform modules already initialized, skipping
Refreshing native plugins compatible for Editor in 0.50 ms, found 3 plugins.
Preloading 0 native plugins for Editor in 0.00 ms.
Unloading 2192 Unused Serialized files (Serialized files now loaded: 0)
System memory in use before: 99.3 MB.
System memory in use after: 99.2 MB.

Unloading 20 unused Assets to reduce memory usage. Loaded Objects now: 2645.
Total: 5.158300 ms (FindLiveObjects: 0.764100 ms CreateObjectMapping: 0.241100 ms MarkObjects: 3.988100 ms  DeleteObjects: 0.162300 ms)

AssetImportParameters requested are different than current active one (requested -> active):
  custom:framework-win-MediaFoundation: 216162199b28c13a410421893ffa2e32 -> 
  custom:video-decoder-ogg-theora: a1e56fd34408186e4bbccfd4996cb3dc -> 
  custom:container-muxer-webm: aa71ff27fc2769a1b78a27578f13a17b -> 
  custom:container-demuxer-webm: 4f35f7cbe854078d1ac9338744f61a02 -> 
  custom:container-demuxer-ogg: 62fdf1f143b41e24485cea50d1cbac27 -> 
  custom:video-encoder-webm-vp8: eb34c28f22e8b96e1ab97ce403110664 -> 
  custom:video-codec-MediaFoundation-h265: 746d11721c4dcdbdad8f713fa42b33f4 -> 
  custom:video-decoder-webm-vp8: 9c59270c3fd7afecdb556c50c9e8de78 -> 
  custom:audio-decoder-ogg-vorbis: bf7c407c2cedff20999df2af8eb42d56 -> 
  custom:audio-encoder-webm-vorbis: bf7c407c2cedff20999df2af8eb42d56 -> 
========================================================================
Received Prepare
Registering precompiled user dll's ...
Registered in 0.003062 seconds.
Begin MonoManager ReloadAssembly
Native extension for WindowsStandalone target not found
Native extension for WebGL target not found
Refreshing native plugins compatible for Editor in 0.51 ms, found 3 plugins.
Preloading 0 native plugins for Editor in 0.00 ms.
Mono: successfully reloaded assembly
- Completed reload, in  0.822 seconds
Domain Reload Profiling:
	ReloadAssembly (822ms)
		BeginReloadAssembly (104ms)
			ExecutionOrderSort (0ms)
			DisableScriptedObjects (5ms)
			BackupInstance (0ms)
			ReleaseScriptingObjects (0ms)
			CreateAndSetChildDomain (31ms)
		EndReloadAssembly (666ms)
			LoadAssemblies (88ms)
			RebuildTransferFunctionScriptingTraits (0ms)
			SetupTypeCache (210ms)
			ReleaseScriptCaches (1ms)
			RebuildScriptCaches (29ms)
			SetupLoadedEditorAssemblies (273ms)
				LogAssemblyErrors (0ms)
				InitializePlatformSupportModulesInManaged (5ms)
				SetLoadedEditorAssemblies (0ms)
				RefreshPlugins (1ms)
				BeforeProcessingInitializeOnLoad (79ms)
				ProcessInitializeOnLoadAttributes (171ms)
				ProcessInitializeOnLoadMethodAttributes (11ms)
				AfterProcessingInitializeOnLoad (6ms)
				EditorAssembliesLoaded (0ms)
			ExecutionOrderSort2 (0ms)
			AwakeInstancesAfterBackupRestoration (8ms)
Platform modules already initialized, skipping
Refreshing native plugins compatible for Editor in 0.55 ms, found 3 plugins.
Preloading 0 native plugins for Editor in 0.00 ms.
Unloading 2192 Unused Serialized files (Serialized files now loaded: 0)
System memory in use before: 99.3 MB.
System memory in use after: 99.3 MB.

Unloading 20 unused Assets to reduce memory usage. Loaded Objects now: 2647.
Total: 3.394500 ms (FindLiveObjects: 0.197100 ms CreateObjectMapping: 0.089000 ms MarkObjects: 2.864800 ms  DeleteObjects: 0.242100 ms)

AssetImportParameters requested are different than current active one (requested -> active):
  custom:framework-win-MediaFoundation: 216162199b28c13a410421893ffa2e32 -> 
  custom:video-decoder-ogg-theora: a1e56fd34408186e4bbccfd4996cb3dc -> 
  custom:container-muxer-webm: aa71ff27fc2769a1b78a27578f13a17b -> 
  custom:container-demuxer-webm: 4f35f7cbe854078d1ac9338744f61a02 -> 
  custom:container-demuxer-ogg: 62fdf1f143b41e24485cea50d1cbac27 -> 
  custom:video-encoder-webm-vp8: eb34c28f22e8b96e1ab97ce403110664 -> 
  custom:video-codec-MediaFoundation-h265: 746d11721c4dcdbdad8f713fa42b33f4 -> 
  custom:video-decoder-webm-vp8: 9c59270c3fd7afecdb556c50c9e8de78 -> 
  custom:audio-decoder-ogg-vorbis: bf7c407c2cedff20999df2af8eb42d56 -> 
  custom:audio-encoder-webm-vorbis: bf7c407c2cedff20999df2af8eb42d56 -> 
========================================================================
Received Prepare
Registering precompiled user dll's ...
Registered in 0.003210 seconds.
Begin MonoManager ReloadAssembly
Native extension for WindowsStandalone target not found
Native extension for WebGL target not found
Refreshing native plugins compatible for Editor in 0.67 ms, found 3 plugins.
Preloading 0 native plugins for Editor in 0.00 ms.
Mono: successfully reloaded assembly
- Completed reload, in  0.962 seconds
Domain Reload Profiling:
	ReloadAssembly (963ms)
		BeginReloadAssembly (165ms)
			ExecutionOrderSort (0ms)
			DisableScriptedObjects (6ms)
			BackupInstance (0ms)
			ReleaseScriptingObjects (0ms)
			CreateAndSetChildDomain (66ms)
		EndReloadAssembly (736ms)
			LoadAssemblies (124ms)
			RebuildTransferFunctionScriptingTraits (0ms)
			SetupTypeCache (251ms)
			ReleaseScriptCaches (1ms)
			RebuildScriptCaches (35ms)
			SetupLoadedEditorAssemblies (270ms)
				LogAssemblyErrors (0ms)
				InitializePlatformSupportModulesInManaged (5ms)
				SetLoadedEditorAssemblies (0ms)
				RefreshPlugins (1ms)
				BeforeProcessingInitializeOnLoad (88ms)
				ProcessInitializeOnLoadAttributes (159ms)
				ProcessInitializeOnLoadMethodAttributes (9ms)
				AfterProcessingInitializeOnLoad (6ms)
				EditorAssembliesLoaded (0ms)
			ExecutionOrderSort2 (0ms)
			AwakeInstancesAfterBackupRestoration (8ms)
Platform modules already initialized, skipping
Refreshing native plugins compatible for Editor in 0.48 ms, found 3 plugins.
Preloading 0 native plugins for Editor in 0.00 ms.
Unloading 2192 Unused Serialized files (Serialized files now loaded: 0)
System memory in use before: 99.3 MB.
System memory in use after: 99.3 MB.

Unloading 20 unused Assets to reduce memory usage. Loaded Objects now: 2649.
Total: 3.404500 ms (FindLiveObjects: 0.265900 ms CreateObjectMapping: 0.105400 ms MarkObjects: 2.916300 ms  DeleteObjects: 0.116200 ms)

AssetImportParameters requested are different than current active one (requested -> active):
  custom:framework-win-MediaFoundation: 216162199b28c13a410421893ffa2e32 -> 
  custom:video-decoder-ogg-theora: a1e56fd34408186e4bbccfd4996cb3dc -> 
  custom:container-muxer-webm: aa71ff27fc2769a1b78a27578f13a17b -> 
  custom:container-demuxer-webm: 4f35f7cbe854078d1ac9338744f61a02 -> 
  custom:container-demuxer-ogg: 62fdf1f143b41e24485cea50d1cbac27 -> 
  custom:video-encoder-webm-vp8: eb34c28f22e8b96e1ab97ce403110664 -> 
  custom:video-codec-MediaFoundation-h265: 746d11721c4dcdbdad8f713fa42b33f4 -> 
  custom:video-decoder-webm-vp8: 9c59270c3fd7afecdb556c50c9e8de78 -> 
  custom:audio-decoder-ogg-vorbis: bf7c407c2cedff20999df2af8eb42d56 -> 
  custom:audio-encoder-webm-vorbis: bf7c407c2cedff20999df2af8eb42d56 -> 
========================================================================
Received Prepare
Registering precompiled user dll's ...
Registered in 0.003706 seconds.
Begin MonoManager ReloadAssembly
Native extension for WindowsStandalone target not found
Native extension for WebGL target not found
Refreshing native plugins compatible for Editor in 0.54 ms, found 3 plugins.
Preloading 0 native plugins for Editor in 0.00 ms.
Mono: successfully reloaded assembly
- Completed reload, in  0.780 seconds
Domain Reload Profiling:
	ReloadAssembly (781ms)
		BeginReloadAssembly (105ms)
			ExecutionOrderSort (0ms)
			DisableScriptedObjects (5ms)
			BackupInstance (0ms)
			ReleaseScriptingObjects (0ms)
			CreateAndSetChildDomain (31ms)
		EndReloadAssembly (621ms)
			LoadAssemblies (85ms)
			RebuildTransferFunctionScriptingTraits (0ms)
			SetupTypeCache (203ms)
			ReleaseScriptCaches (1ms)
			RebuildScriptCaches (29ms)
			SetupLoadedEditorAssemblies (243ms)
				LogAssemblyErrors (0ms)
				InitializePlatformSupportModulesInManaged (5ms)
				SetLoadedEditorAssemblies (0ms)
				RefreshPlugins (1ms)
				BeforeProcessingInitializeOnLoad (78ms)
				ProcessInitializeOnLoadAttributes (144ms)
				ProcessInitializeOnLoadMethodAttributes (10ms)
				AfterProcessingInitializeOnLoad (6ms)
				EditorAssembliesLoaded (0ms)
			ExecutionOrderSort2 (0ms)
			AwakeInstancesAfterBackupRestoration (7ms)
Platform modules already initialized, skipping
Refreshing native plugins compatible for Editor in 0.48 ms, found 3 plugins.
Preloading 0 native plugins for Editor in 0.00 ms.
Unloading 2192 Unused Serialized files (Serialized files now loaded: 0)
System memory in use before: 99.3 MB.
System memory in use after: 99.3 MB.

Unloading 20 unused Assets to reduce memory usage. Loaded Objects now: 2651.
Total: 3.046000 ms (FindLiveObjects: 0.211300 ms CreateObjectMapping: 0.098600 ms MarkObjects: 2.631400 ms  DeleteObjects: 0.104200 ms)

AssetImportParameters requested are different than current active one (requested -> active):
  custom:framework-win-MediaFoundation: 216162199b28c13a410421893ffa2e32 -> 
  custom:video-decoder-ogg-theora: a1e56fd34408186e4bbccfd4996cb3dc -> 
  custom:container-muxer-webm: aa71ff27fc2769a1b78a27578f13a17b -> 
  custom:container-demuxer-webm: 4f35f7cbe854078d1ac9338744f61a02 -> 
  custom:container-demuxer-ogg: 62fdf1f143b41e24485cea50d1cbac27 -> 
  custom:video-encoder-webm-vp8: eb34c28f22e8b96e1ab97ce403110664 -> 
  custom:video-codec-MediaFoundation-h265: 746d11721c4dcdbdad8f713fa42b33f4 -> 
  custom:video-decoder-webm-vp8: 9c59270c3fd7afecdb556c50c9e8de78 -> 
  custom:audio-decoder-ogg-vorbis: bf7c407c2cedff20999df2af8eb42d56 -> 
  custom:audio-encoder-webm-vorbis: bf7c407c2cedff20999df2af8eb42d56 -> 
========================================================================
Received Prepare
Registering precompiled user dll's ...
Registered in 0.010057 seconds.
Begin MonoManager ReloadAssembly
Native extension for WindowsStandalone target not found
Native extension for WebGL target not found
Refreshing native plugins compatible for Editor in 0.51 ms, found 3 plugins.
Preloading 0 native plugins for Editor in 0.00 ms.
Mono: successfully reloaded assembly
- Completed reload, in  0.860 seconds
Domain Reload Profiling:
	ReloadAssembly (861ms)
		BeginReloadAssembly (140ms)
			ExecutionOrderSort (0ms)
			DisableScriptedObjects (5ms)
			BackupInstance (0ms)
			ReleaseScriptingObjects (0ms)
			CreateAndSetChildDomain (30ms)
		EndReloadAssembly (674ms)
			LoadAssemblies (156ms)
			RebuildTransferFunctionScriptingTraits (0ms)
			SetupTypeCache (197ms)
			ReleaseScriptCaches (1ms)
			RebuildScriptCaches (30ms)
			SetupLoadedEditorAssemblies (263ms)
				LogAssemblyErrors (0ms)
				InitializePlatformSupportModulesInManaged (5ms)
				SetLoadedEditorAssemblies (0ms)
				RefreshPlugins (1ms)
				BeforeProcessingInitializeOnLoad (82ms)
				ProcessInitializeOnLoadAttributes (157ms)
				ProcessInitializeOnLoadMethodAttributes (11ms)
				AfterProcessingInitializeOnLoad (6ms)
				EditorAssembliesLoaded (0ms)
			ExecutionOrderSort2 (0ms)
			AwakeInstancesAfterBackupRestoration (8ms)
Platform modules already initialized, skipping
Refreshing native plugins compatible for Editor in 0.51 ms, found 3 plugins.
Preloading 0 native plugins for Editor in 0.00 ms.
Unloading 2192 Unused Serialized files (Serialized files now loaded: 0)
System memory in use before: 99.3 MB.
System memory in use after: 99.3 MB.

Unloading 20 unused Assets to reduce memory usage. Loaded Objects now: 2653.
Total: 3.090300 ms (FindLiveObjects: 0.222000 ms CreateObjectMapping: 0.114200 ms MarkObjects: 2.642200 ms  DeleteObjects: 0.111400 ms)

AssetImportParameters requested are different than current active one (requested -> active):
  custom:framework-win-MediaFoundation: 216162199b28c13a410421893ffa2e32 -> 
  custom:video-decoder-ogg-theora: a1e56fd34408186e4bbccfd4996cb3dc -> 
  custom:container-muxer-webm: aa71ff27fc2769a1b78a27578f13a17b -> 
  custom:container-demuxer-webm: 4f35f7cbe854078d1ac9338744f61a02 -> 
  custom:container-demuxer-ogg: 62fdf1f143b41e24485cea50d1cbac27 -> 
  custom:video-encoder-webm-vp8: eb34c28f22e8b96e1ab97ce403110664 -> 
  custom:video-codec-MediaFoundation-h265: 746d11721c4dcdbdad8f713fa42b33f4 -> 
  custom:video-decoder-webm-vp8: 9c59270c3fd7afecdb556c50c9e8de78 -> 
  custom:audio-decoder-ogg-vorbis: bf7c407c2cedff20999df2af8eb42d56 -> 
  custom:audio-encoder-webm-vorbis: bf7c407c2cedff20999df2af8eb42d56 -> 
========================================================================
Received Import Request.
  Time since last request: 829.447109 seconds.
  path: Assets/Scripts
  artifactKey: Guid(f73083f01baa1944ca0b0f51698d4a0c) Importer(815301076,1909f56bfc062723c751e8b465ee728b)
Start importing Assets/Scripts using Guid(f73083f01baa1944ca0b0f51698d4a0c) Importer(815301076,1909f56bfc062723c751e8b465ee728b)  -> (artifact id: 'e74127b86cc4398c551f1eb1aca3a3df') in 0.015994 seconds 
========================================================================
Received Prepare
Registering precompiled user dll's ...
Registered in 0.003226 seconds.
Begin MonoManager ReloadAssembly
Native extension for WindowsStandalone target not found
Native extension for WebGL target not found
Refreshing native plugins compatible for Editor in 0.52 ms, found 3 plugins.
Preloading 0 native plugins for Editor in 0.00 ms.
Mono: successfully reloaded assembly
- Completed reload, in  0.918 seconds
Domain Reload Profiling:
	ReloadAssembly (919ms)
		BeginReloadAssembly (155ms)
			ExecutionOrderSort (0ms)
			DisableScriptedObjects (9ms)
			BackupInstance (0ms)
			ReleaseScriptingObjects (0ms)
			CreateAndSetChildDomain (45ms)
		EndReloadAssembly (698ms)
			LoadAssemblies (122ms)
			RebuildTransferFunctionScriptingTraits (0ms)
			SetupTypeCache (239ms)
			ReleaseScriptCaches (1ms)
			RebuildScriptCaches (32ms)
			SetupLoadedEditorAssemblies (261ms)
				LogAssemblyErrors (0ms)
				InitializePlatformSupportModulesInManaged (5ms)
				SetLoadedEditorAssemblies (0ms)
				RefreshPlugins (1ms)
				BeforeProcessingInitializeOnLoad (87ms)
				ProcessInitializeOnLoadAttributes (152ms)
				ProcessInitializeOnLoadMethodAttributes (10ms)
				AfterProcessingInitializeOnLoad (6ms)
				EditorAssembliesLoaded (0ms)
			ExecutionOrderSort2 (0ms)
			AwakeInstancesAfterBackupRestoration (9ms)
Platform modules already initialized, skipping
Refreshing native plugins compatible for Editor in 0.59 ms, found 3 plugins.
Preloading 0 native plugins for Editor in 0.00 ms.
Unloading 2192 Unused Serialized files (Serialized files now loaded: 0)
System memory in use before: 99.3 MB.
System memory in use after: 99.3 MB.

Unloading 20 unused Assets to reduce memory usage. Loaded Objects now: 2655.
Total: 3.135200 ms (FindLiveObjects: 0.205800 ms CreateObjectMapping: 0.065000 ms MarkObjects: 2.736000 ms  DeleteObjects: 0.127400 ms)

AssetImportParameters requested are different than current active one (requested -> active):
  custom:framework-win-MediaFoundation: 216162199b28c13a410421893ffa2e32 -> 
  custom:video-decoder-ogg-theora: a1e56fd34408186e4bbccfd4996cb3dc -> 
  custom:container-muxer-webm: aa71ff27fc2769a1b78a27578f13a17b -> 
  custom:container-demuxer-webm: 4f35f7cbe854078d1ac9338744f61a02 -> 
  custom:container-demuxer-ogg: 62fdf1f143b41e24485cea50d1cbac27 -> 
  custom:video-encoder-webm-vp8: eb34c28f22e8b96e1ab97ce403110664 -> 
  custom:video-codec-MediaFoundation-h265: 746d11721c4dcdbdad8f713fa42b33f4 -> 
  custom:video-decoder-webm-vp8: 9c59270c3fd7afecdb556c50c9e8de78 -> 
  custom:audio-decoder-ogg-vorbis: bf7c407c2cedff20999df2af8eb42d56 -> 
  custom:audio-encoder-webm-vorbis: bf7c407c2cedff20999df2af8eb42d56 -> 
========================================================================
Received Import Request.
  Time since last request: 11.881459 seconds.
  path: Assets/Scripts/Frogger.cs
  artifactKey: Guid(aa6af6de8df8e5248b7305716f04160f) Importer(815301076,1909f56bfc062723c751e8b465ee728b)
Start importing Assets/Scripts/Frogger.cs using Guid(aa6af6de8df8e5248b7305716f04160f) Importer(815301076,1909f56bfc062723c751e8b465ee728b)  -> (artifact id: 'b335941b315451c5fee512f92626876e') in 0.011721 seconds 
========================================================================
Received Prepare
Registering precompiled user dll's ...
Registered in 0.003893 seconds.
Begin MonoManager ReloadAssembly
Native extension for WindowsStandalone target not found
Native extension for WebGL target not found
Refreshing native plugins compatible for Editor in 1.12 ms, found 3 plugins.
Preloading 0 native plugins for Editor in 0.00 ms.
Mono: successfully reloaded assembly
- Completed reload, in  0.810 seconds
Domain Reload Profiling:
	ReloadAssembly (811ms)
		BeginReloadAssembly (106ms)
			ExecutionOrderSort (0ms)
			DisableScriptedObjects (5ms)
			BackupInstance (0ms)
			ReleaseScriptingObjects (0ms)
			CreateAndSetChildDomain (30ms)
		EndReloadAssembly (655ms)
			LoadAssemblies (91ms)
			RebuildTransferFunctionScriptingTraits (0ms)
			SetupTypeCache (218ms)
			ReleaseScriptCaches (1ms)
			RebuildScriptCaches (30ms)
			SetupLoadedEditorAssemblies (254ms)
				LogAssemblyErrors (0ms)
				InitializePlatformSupportModulesInManaged (5ms)
				SetLoadedEditorAssemblies (1ms)
				RefreshPlugins (1ms)
				BeforeProcessingInitializeOnLoad (89ms)
				ProcessInitializeOnLoadAttributes (143ms)
				ProcessInitializeOnLoadMethodAttributes (9ms)
				AfterProcessingInitializeOnLoad (6ms)
				EditorAssembliesLoaded (0ms)
			ExecutionOrderSort2 (0ms)
			AwakeInstancesAfterBackupRestoration (7ms)
Platform modules already initialized, skipping
Refreshing native plugins compatible for Editor in 0.47 ms, found 3 plugins.
Preloading 0 native plugins for Editor in 0.00 ms.
Unloading 2192 Unused Serialized files (Serialized files now loaded: 0)
System memory in use before: 99.4 MB.
System memory in use after: 99.3 MB.

Unloading 20 unused Assets to reduce memory usage. Loaded Objects now: 2657.
Total: 3.008700 ms (FindLiveObjects: 0.188300 ms CreateObjectMapping: 0.092700 ms MarkObjects: 2.623200 ms  DeleteObjects: 0.103700 ms)

AssetImportParameters requested are different than current active one (requested -> active):
  custom:framework-win-MediaFoundation: 216162199b28c13a410421893ffa2e32 -> 
  custom:video-decoder-ogg-theora: a1e56fd34408186e4bbccfd4996cb3dc -> 
  custom:container-muxer-webm: aa71ff27fc2769a1b78a27578f13a17b -> 
  custom:container-demuxer-webm: 4f35f7cbe854078d1ac9338744f61a02 -> 
  custom:container-demuxer-ogg: 62fdf1f143b41e24485cea50d1cbac27 -> 
  custom:video-encoder-webm-vp8: eb34c28f22e8b96e1ab97ce403110664 -> 
  custom:video-codec-MediaFoundation-h265: 746d11721c4dcdbdad8f713fa42b33f4 -> 
  custom:video-decoder-webm-vp8: 9c59270c3fd7afecdb556c50c9e8de78 -> 
  custom:audio-decoder-ogg-vorbis: bf7c407c2cedff20999df2af8eb42d56 -> 
  custom:audio-encoder-webm-vorbis: bf7c407c2cedff20999df2af8eb42d56 -> 
========================================================================
Received Import Request.
  Time since last request: 582.595721 seconds.
  path: Assets/Scripts/Frogger.cs
  artifactKey: Guid(aa6af6de8df8e5248b7305716f04160f) Importer(815301076,1909f56bfc062723c751e8b465ee728b)
Start importing Assets/Scripts/Frogger.cs using Guid(aa6af6de8df8e5248b7305716f04160f) Importer(815301076,1909f56bfc062723c751e8b465ee728b)  -> (artifact id: '5e55eac45bf5e9da0f2e58d0a99d4c13') in 0.006248 seconds 
========================================================================
Received Prepare
Registering precompiled user dll's ...
Registered in 0.003102 seconds.
Begin MonoManager ReloadAssembly
Native extension for WindowsStandalone target not found
Native extension for WebGL target not found
Refreshing native plugins compatible for Editor in 0.79 ms, found 3 plugins.
Preloading 0 native plugins for Editor in 0.00 ms.
Mono: successfully reloaded assembly
- Completed reload, in  0.808 seconds
Domain Reload Profiling:
	ReloadAssembly (809ms)
		BeginReloadAssembly (109ms)
			ExecutionOrderSort (0ms)
			DisableScriptedObjects (5ms)
			BackupInstance (0ms)
			ReleaseScriptingObjects (0ms)
			CreateAndSetChildDomain (36ms)
		EndReloadAssembly (652ms)
			LoadAssemblies (87ms)
			RebuildTransferFunctionScriptingTraits (0ms)
			SetupTypeCache (212ms)
			ReleaseScriptCaches (1ms)
			RebuildScriptCaches (32ms)
			SetupLoadedEditorAssemblies (253ms)
				LogAssemblyErrors (0ms)
				InitializePlatformSupportModulesInManaged (5ms)
				SetLoadedEditorAssemblies (1ms)
				RefreshPlugins (1ms)
				BeforeProcessingInitializeOnLoad (82ms)
				ProcessInitializeOnLoadAttributes (146ms)
				ProcessInitializeOnLoadMethodAttributes (11ms)
				AfterProcessingInitializeOnLoad (7ms)
				EditorAssembliesLoaded (0ms)
			ExecutionOrderSort2 (0ms)
			AwakeInstancesAfterBackupRestoration (8ms)
Platform modules already initialized, skipping
Refreshing native plugins compatible for Editor in 0.52 ms, found 3 plugins.
Preloading 0 native plugins for Editor in 0.00 ms.
Unloading 2192 Unused Serialized files (Serialized files now loaded: 0)
System memory in use before: 99.4 MB.
System memory in use after: 99.3 MB.

Unloading 20 unused Assets to reduce memory usage. Loaded Objects now: 2659.
Total: 3.090100 ms (FindLiveObjects: 0.284300 ms CreateObjectMapping: 0.060900 ms MarkObjects: 2.611200 ms  DeleteObjects: 0.132900 ms)

AssetImportParameters requested are different than current active one (requested -> active):
  custom:framework-win-MediaFoundation: 216162199b28c13a410421893ffa2e32 -> 
  custom:video-decoder-ogg-theora: a1e56fd34408186e4bbccfd4996cb3dc -> 
  custom:container-muxer-webm: aa71ff27fc2769a1b78a27578f13a17b -> 
  custom:container-demuxer-webm: 4f35f7cbe854078d1ac9338744f61a02 -> 
  custom:container-demuxer-ogg: 62fdf1f143b41e24485cea50d1cbac27 -> 
  custom:video-encoder-webm-vp8: eb34c28f22e8b96e1ab97ce403110664 -> 
  custom:video-codec-MediaFoundation-h265: 746d11721c4dcdbdad8f713fa42b33f4 -> 
  custom:video-decoder-webm-vp8: 9c59270c3fd7afecdb556c50c9e8de78 -> 
  custom:audio-decoder-ogg-vorbis: bf7c407c2cedff20999df2af8eb42d56 -> 
  custom:audio-encoder-webm-vorbis: bf7c407c2cedff20999df2af8eb42d56 -> 
========================================================================
Received Prepare
Registering precompiled user dll's ...
Registered in 0.003426 seconds.
Begin MonoManager ReloadAssembly
Native extension for WindowsStandalone target not found
Native extension for WebGL target not found
Refreshing native plugins compatible for Editor in 0.67 ms, found 3 plugins.
Preloading 0 native plugins for Editor in 0.00 ms.
Mono: successfully reloaded assembly
- Completed reload, in  0.944 seconds
Domain Reload Profiling:
	ReloadAssembly (945ms)
		BeginReloadAssembly (162ms)
			ExecutionOrderSort (0ms)
			DisableScriptedObjects (6ms)
			BackupInstance (0ms)
			ReleaseScriptingObjects (0ms)
			CreateAndSetChildDomain (54ms)
		EndReloadAssembly (725ms)
			LoadAssemblies (133ms)
			RebuildTransferFunctionScriptingTraits (0ms)
			SetupTypeCache (232ms)
			ReleaseScriptCaches (1ms)
			RebuildScriptCaches (34ms)
			SetupLoadedEditorAssemblies (282ms)
				LogAssemblyErrors (0ms)
				InitializePlatformSupportModulesInManaged (6ms)
				SetLoadedEditorAssemblies (0ms)
				RefreshPlugins (1ms)
				BeforeProcessingInitializeOnLoad (93ms)
				ProcessInitializeOnLoadAttributes (166ms)
				ProcessInitializeOnLoadMethodAttributes (10ms)
				AfterProcessingInitializeOnLoad (6ms)
				EditorAssembliesLoaded (0ms)
			ExecutionOrderSort2 (0ms)
			AwakeInstancesAfterBackupRestoration (8ms)
Platform modules already initialized, skipping
Refreshing native plugins compatible for Editor in 0.62 ms, found 3 plugins.
Preloading 0 native plugins for Editor in 0.00 ms.
Unloading 2192 Unused Serialized files (Serialized files now loaded: 0)
System memory in use before: 99.4 MB.
System memory in use after: 99.3 MB.

Unloading 20 unused Assets to reduce memory usage. Loaded Objects now: 2661.
Total: 4.464400 ms (FindLiveObjects: 0.195300 ms CreateObjectMapping: 0.089000 ms MarkObjects: 3.867500 ms  DeleteObjects: 0.311600 ms)

AssetImportParameters requested are different than current active one (requested -> active):
  custom:framework-win-MediaFoundation: 216162199b28c13a410421893ffa2e32 -> 
  custom:video-decoder-ogg-theora: a1e56fd34408186e4bbccfd4996cb3dc -> 
  custom:container-muxer-webm: aa71ff27fc2769a1b78a27578f13a17b -> 
  custom:container-demuxer-webm: 4f35f7cbe854078d1ac9338744f61a02 -> 
  custom:container-demuxer-ogg: 62fdf1f143b41e24485cea50d1cbac27 -> 
  custom:video-encoder-webm-vp8: eb34c28f22e8b96e1ab97ce403110664 -> 
  custom:video-codec-MediaFoundation-h265: 746d11721c4dcdbdad8f713fa42b33f4 -> 
  custom:video-decoder-webm-vp8: 9c59270c3fd7afecdb556c50c9e8de78 -> 
  custom:audio-decoder-ogg-vorbis: bf7c407c2cedff20999df2af8eb42d56 -> 
  custom:audio-encoder-webm-vorbis: bf7c407c2cedff20999df2af8eb42d56 -> 
========================================================================
Received Import Request.
  Time since last request: 126.969832 seconds.
  path: Assets/Scripts/Frogger.cs
  artifactKey: Guid(aa6af6de8df8e5248b7305716f04160f) Importer(815301076,1909f56bfc062723c751e8b465ee728b)
Start importing Assets/Scripts/Frogger.cs using Guid(aa6af6de8df8e5248b7305716f04160f) Importer(815301076,1909f56bfc062723c751e8b465ee728b)  -> (artifact id: '8fc936da229dc2d95cfe14037fb59117') in 0.006944 seconds 
========================================================================
Received Prepare
Registering precompiled user dll's ...
Registered in 0.002954 seconds.
Begin MonoManager ReloadAssembly
Native extension for WindowsStandalone target not found
Native extension for WebGL target not found
Refreshing native plugins compatible for Editor in 0.63 ms, found 3 plugins.
Preloading 0 native plugins for Editor in 0.00 ms.
Mono: successfully reloaded assembly
- Completed reload, in  0.793 seconds
Domain Reload Profiling:
	ReloadAssembly (793ms)
		BeginReloadAssembly (109ms)
			ExecutionOrderSort (0ms)
			DisableScriptedObjects (6ms)
			BackupInstance (0ms)
			ReleaseScriptingObjects (0ms)
			CreateAndSetChildDomain (35ms)
		EndReloadAssembly (632ms)
			LoadAssemblies (90ms)
			RebuildTransferFunctionScriptingTraits (0ms)
			SetupTypeCache (202ms)
			ReleaseScriptCaches (1ms)
			RebuildScriptCaches (32ms)
			SetupLoadedEditorAssemblies (245ms)
				LogAssemblyErrors (0ms)
				InitializePlatformSupportModulesInManaged (5ms)
				SetLoadedEditorAssemblies (0ms)
				RefreshPlugins (1ms)
				BeforeProcessingInitializeOnLoad (82ms)
				ProcessInitializeOnLoadAttributes (143ms)
				ProcessInitializeOnLoadMethodAttributes (9ms)
				AfterProcessingInitializeOnLoad (6ms)
				EditorAssembliesLoaded (0ms)
			ExecutionOrderSort2 (0ms)
			AwakeInstancesAfterBackupRestoration (7ms)
Platform modules already initialized, skipping
Refreshing native plugins compatible for Editor in 0.53 ms, found 3 plugins.
Preloading 0 native plugins for Editor in 0.00 ms.
Unloading 2192 Unused Serialized files (Serialized files now loaded: 0)
System memory in use before: 99.4 MB.
System memory in use after: 99.3 MB.

Unloading 20 unused Assets to reduce memory usage. Loaded Objects now: 2663.
Total: 3.076200 ms (FindLiveObjects: 0.200600 ms CreateObjectMapping: 0.092200 ms MarkObjects: 2.666600 ms  DeleteObjects: 0.116100 ms)

AssetImportParameters requested are different than current active one (requested -> active):
  custom:framework-win-MediaFoundation: 216162199b28c13a410421893ffa2e32 -> 
  custom:video-decoder-ogg-theora: a1e56fd34408186e4bbccfd4996cb3dc -> 
  custom:container-muxer-webm: aa71ff27fc2769a1b78a27578f13a17b -> 
  custom:container-demuxer-webm: 4f35f7cbe854078d1ac9338744f61a02 -> 
  custom:container-demuxer-ogg: 62fdf1f143b41e24485cea50d1cbac27 -> 
  custom:video-encoder-webm-vp8: eb34c28f22e8b96e1ab97ce403110664 -> 
  custom:video-codec-MediaFoundation-h265: 746d11721c4dcdbdad8f713fa42b33f4 -> 
  custom:video-decoder-webm-vp8: 9c59270c3fd7afecdb556c50c9e8de78 -> 
  custom:audio-decoder-ogg-vorbis: bf7c407c2cedff20999df2af8eb42d56 -> 
  custom:audio-encoder-webm-vorbis: bf7c407c2cedff20999df2af8eb42d56 -> 
========================================================================
Received Import Request.
  Time since last request: 43.685522 seconds.
  path: Assets/Scripts/Frogger.cs
  artifactKey: Guid(aa6af6de8df8e5248b7305716f04160f) Importer(815301076,1909f56bfc062723c751e8b465ee728b)
Start importing Assets/Scripts/Frogger.cs using Guid(aa6af6de8df8e5248b7305716f04160f) Importer(815301076,1909f56bfc062723c751e8b465ee728b)  -> (artifact id: '19fe39744683152cf4a92c8330f49248') in 0.006007 seconds 
========================================================================
Received Prepare
Registering precompiled user dll's ...
Registered in 0.004277 seconds.
Begin MonoManager ReloadAssembly
Native extension for WindowsStandalone target not found
Native extension for WebGL target not found
Refreshing native plugins compatible for Editor in 0.70 ms, found 3 plugins.
Preloading 0 native plugins for Editor in 0.00 ms.
Mono: successfully reloaded assembly
- Completed reload, in  0.967 seconds
Domain Reload Profiling:
	ReloadAssembly (968ms)
		BeginReloadAssembly (160ms)
			ExecutionOrderSort (0ms)
			DisableScriptedObjects (6ms)
			BackupInstance (0ms)
			ReleaseScriptingObjects (0ms)
			CreateAndSetChildDomain (56ms)
		EndReloadAssembly (748ms)
			LoadAssemblies (124ms)
			RebuildTransferFunctionScriptingTraits (0ms)
			SetupTypeCache (235ms)
			ReleaseScriptCaches (1ms)
			RebuildScriptCaches (40ms)
			SetupLoadedEditorAssemblies (284ms)
				LogAssemblyErrors (0ms)
				InitializePlatformSupportModulesInManaged (5ms)
				SetLoadedEditorAssemblies (0ms)
				RefreshPlugins (1ms)
				BeforeProcessingInitializeOnLoad (93ms)
				ProcessInitializeOnLoadAttributes (167ms)
				ProcessInitializeOnLoadMethodAttributes (10ms)
				AfterProcessingInitializeOnLoad (7ms)
				EditorAssembliesLoaded (0ms)
			ExecutionOrderSort2 (0ms)
			AwakeInstancesAfterBackupRestoration (9ms)
Platform modules already initialized, skipping
Refreshing native plugins compatible for Editor in 0.69 ms, found 3 plugins.
Preloading 0 native plugins for Editor in 0.00 ms.
Unloading 2192 Unused Serialized files (Serialized files now loaded: 0)
System memory in use before: 99.4 MB.
System memory in use after: 99.4 MB.

Unloading 20 unused Assets to reduce memory usage. Loaded Objects now: 2665.
Total: 3.636800 ms (FindLiveObjects: 0.260700 ms CreateObjectMapping: 0.121800 ms MarkObjects: 3.133700 ms  DeleteObjects: 0.119600 ms)

AssetImportParameters requested are different than current active one (requested -> active):
  custom:framework-win-MediaFoundation: 216162199b28c13a410421893ffa2e32 -> 
  custom:video-decoder-ogg-theora: a1e56fd34408186e4bbccfd4996cb3dc -> 
  custom:container-muxer-webm: aa71ff27fc2769a1b78a27578f13a17b -> 
  custom:container-demuxer-webm: 4f35f7cbe854078d1ac9338744f61a02 -> 
  custom:container-demuxer-ogg: 62fdf1f143b41e24485cea50d1cbac27 -> 
  custom:video-encoder-webm-vp8: eb34c28f22e8b96e1ab97ce403110664 -> 
  custom:video-codec-MediaFoundation-h265: 746d11721c4dcdbdad8f713fa42b33f4 -> 
  custom:video-decoder-webm-vp8: 9c59270c3fd7afecdb556c50c9e8de78 -> 
  custom:audio-decoder-ogg-vorbis: bf7c407c2cedff20999df2af8eb42d56 -> 
  custom:audio-encoder-webm-vorbis: bf7c407c2cedff20999df2af8eb42d56 -> 
========================================================================
Received Prepare
Registering precompiled user dll's ...
Registered in 0.010462 seconds.
Begin MonoManager ReloadAssembly
Native extension for WindowsStandalone target not found
Native extension for WebGL target not found
Refreshing native plugins compatible for Editor in 0.51 ms, found 3 plugins.
Preloading 0 native plugins for Editor in 0.00 ms.
Mono: successfully reloaded assembly
- Completed reload, in  1.000 seconds
Domain Reload Profiling:
	ReloadAssembly (1004ms)
		BeginReloadAssembly (242ms)
			ExecutionOrderSort (0ms)
			DisableScriptedObjects (17ms)
			BackupInstance (0ms)
			ReleaseScriptingObjects (0ms)
			CreateAndSetChildDomain (93ms)
		EndReloadAssembly (706ms)
			LoadAssemblies (181ms)
			RebuildTransferFunctionScriptingTraits (0ms)
			SetupTypeCache (217ms)
			ReleaseScriptCaches (1ms)
			RebuildScriptCaches (32ms)
			SetupLoadedEditorAssemblies (260ms)
				LogAssemblyErrors (0ms)
				InitializePlatformSupportModulesInManaged (5ms)
				SetLoadedEditorAssemblies (1ms)
				RefreshPlugins (1ms)
				BeforeProcessingInitializeOnLoad (86ms)
				ProcessInitializeOnLoadAttributes (150ms)
				ProcessInitializeOnLoadMethodAttributes (12ms)
				AfterProcessingInitializeOnLoad (6ms)
				EditorAssembliesLoaded (0ms)
			ExecutionOrderSort2 (0ms)
			AwakeInstancesAfterBackupRestoration (7ms)
Platform modules already initialized, skipping
Refreshing native plugins compatible for Editor in 0.49 ms, found 3 plugins.
Preloading 0 native plugins for Editor in 0.00 ms.
Unloading 2192 Unused Serialized files (Serialized files now loaded: 0)
System memory in use before: 99.4 MB.
System memory in use after: 99.4 MB.

Unloading 20 unused Assets to reduce memory usage. Loaded Objects now: 2667.
Total: 3.269200 ms (FindLiveObjects: 0.235700 ms CreateObjectMapping: 0.126000 ms MarkObjects: 2.756400 ms  DeleteObjects: 0.150400 ms)

AssetImportParameters requested are different than current active one (requested -> active):
  custom:framework-win-MediaFoundation: 216162199b28c13a410421893ffa2e32 -> 
  custom:video-decoder-ogg-theora: a1e56fd34408186e4bbccfd4996cb3dc -> 
  custom:container-muxer-webm: aa71ff27fc2769a1b78a27578f13a17b -> 
  custom:container-demuxer-webm: 4f35f7cbe854078d1ac9338744f61a02 -> 
  custom:container-demuxer-ogg: 62fdf1f143b41e24485cea50d1cbac27 -> 
  custom:video-encoder-webm-vp8: eb34c28f22e8b96e1ab97ce403110664 -> 
  custom:video-codec-MediaFoundation-h265: 746d11721c4dcdbdad8f713fa42b33f4 -> 
  custom:video-decoder-webm-vp8: 9c59270c3fd7afecdb556c50c9e8de78 -> 
  custom:audio-decoder-ogg-vorbis: bf7c407c2cedff20999df2af8eb42d56 -> 
  custom:audio-encoder-webm-vorbis: bf7c407c2cedff20999df2af8eb42d56 -> 
========================================================================
Received Import Request.
  Time since last request: 1527.773171 seconds.
  path: Assets/Scripts/MoveCycle.cs
  artifactKey: Guid(3c14cb5c59fa9824391a54877dd91808) Importer(815301076,1909f56bfc062723c751e8b465ee728b)
Start importing Assets/Scripts/MoveCycle.cs using Guid(3c14cb5c59fa9824391a54877dd91808) Importer(815301076,1909f56bfc062723c751e8b465ee728b)  -> (artifact id: '5d303c86b50f4b3576f6aa7be3b940b7') in 0.025044 seconds 
========================================================================
Received Prepare
Registering precompiled user dll's ...
Registered in 0.003004 seconds.
Begin MonoManager ReloadAssembly
Native extension for WindowsStandalone target not found
Native extension for WebGL target not found
Refreshing native plugins compatible for Editor in 0.50 ms, found 3 plugins.
Preloading 0 native plugins for Editor in 0.00 ms.
Mono: successfully reloaded assembly
- Completed reload, in  0.916 seconds
Domain Reload Profiling:
	ReloadAssembly (916ms)
		BeginReloadAssembly (109ms)
			ExecutionOrderSort (0ms)
			DisableScriptedObjects (5ms)
			BackupInstance (0ms)
			ReleaseScriptingObjects (0ms)
			CreateAndSetChildDomain (31ms)
		EndReloadAssembly (758ms)
			LoadAssemblies (95ms)
			RebuildTransferFunctionScriptingTraits (0ms)
			SetupTypeCache (232ms)
			ReleaseScriptCaches (1ms)
			RebuildScriptCaches (31ms)
			SetupLoadedEditorAssemblies (312ms)
				LogAssemblyErrors (0ms)
				InitializePlatformSupportModulesInManaged (5ms)
				SetLoadedEditorAssemblies (0ms)
				RefreshPlugins (1ms)
				BeforeProcessingInitializeOnLoad (80ms)
				ProcessInitializeOnLoadAttributes (203ms)
				ProcessInitializeOnLoadMethodAttributes (11ms)
				AfterProcessingInitializeOnLoad (10ms)
				EditorAssembliesLoaded (1ms)
			ExecutionOrderSort2 (0ms)
			AwakeInstancesAfterBackupRestoration (20ms)
Platform modules already initialized, skipping
Refreshing native plugins compatible for Editor in 0.67 ms, found 3 plugins.
Preloading 0 native plugins for Editor in 0.00 ms.
Unloading 2193 Unused Serialized files (Serialized files now loaded: 0)
System memory in use before: 99.4 MB.
System memory in use after: 99.4 MB.

Unloading 20 unused Assets to reduce memory usage. Loaded Objects now: 2670.
Total: 3.533200 ms (FindLiveObjects: 0.268000 ms CreateObjectMapping: 0.102700 ms MarkObjects: 2.995600 ms  DeleteObjects: 0.165800 ms)

AssetImportParameters requested are different than current active one (requested -> active):
  custom:framework-win-MediaFoundation: 216162199b28c13a410421893ffa2e32 -> 
  custom:video-decoder-ogg-theora: a1e56fd34408186e4bbccfd4996cb3dc -> 
  custom:container-muxer-webm: aa71ff27fc2769a1b78a27578f13a17b -> 
  custom:container-demuxer-webm: 4f35f7cbe854078d1ac9338744f61a02 -> 
  custom:container-demuxer-ogg: 62fdf1f143b41e24485cea50d1cbac27 -> 
  custom:video-encoder-webm-vp8: eb34c28f22e8b96e1ab97ce403110664 -> 
  custom:video-codec-MediaFoundation-h265: 746d11721c4dcdbdad8f713fa42b33f4 -> 
  custom:video-decoder-webm-vp8: 9c59270c3fd7afecdb556c50c9e8de78 -> 
  custom:audio-decoder-ogg-vorbis: bf7c407c2cedff20999df2af8eb42d56 -> 
  custom:audio-encoder-webm-vorbis: bf7c407c2cedff20999df2af8eb42d56 -> 
AssetImportWorkerClient::OnTransportError - code=2 error=End of file
